[ 2015-03-21 22:55:55.8346 16536/7ff2f3ddc7c0 age/Wat/Main.cpp:1257 ]: Starting PassengerAgent watchdog...
[ 2015-03-21 22:55:55.8499 16539/7f0d0b4c07c0 age/Hel/Main.cpp:883 ]: Starting PassengerAgent server...
[ 2015-03-21 22:55:55.8501 16539/7f0d0b4c07c0 age/Hel/Main.cpp:232 ]: PassengerAgent server running in multi-application mode.
[ 2015-03-21 22:55:55.8536 16539/7f0d0b4c07c0 age/Hel/Main.cpp:637 ]: PassengerAgent server online, PID 16539
[ 2015-03-21 22:55:55.8684 16544/7f75952117c0 age/Log/Main.cpp:431 ]: Starting PassengerAgent logger...
[ 2015-03-21 22:55:55.8690 16544/7f75952117c0 age/Log/Main.cpp:312 ]: PassengerAgent logger online, PID 16544
App 16574 stdout: 
App 16592 stdout: 


[ 2015-03-21 22:56:37.6255 16544/7f758e268700 age/Log/Main.cpp:338 ]: Signal received. Gracefully shutting down... (send signal 2 more time(s) to force shutdown)
[ 2015-03-21 22:56:37.6255 16539/7f0cf7fff700 age/Hel/Main.cpp:447 ]: Signal received. Gracefully shutting down... (send signal 2 more time(s) to force shutdown)
[ 2015-03-21 22:56:37.6257 16544/7f75952117c0 age/Log/Main.cpp:400 ]: Received command to shutdown gracefully. Waiting until all clients have disconnected...
[ 2015-03-21 22:56:37.6257 16539/7f0d0b4c07c0 age/Hel/Main.cpp:806 ]: Received command to shutdown gracefully. Waiting until all clients have disconnected...
[ 2015-03-21 22:56:37.6258 16539/7f0d0b4c07c0 age/Hel/Main.cpp:724 ]: Disconnecting long-running connections for process 16592, application /apps/megauni/public (development)#default
[ 2015-03-21 22:56:37.6258 16544/7f758e268700 Ser/Server.h:453 ]: [LoggerAdminServer] Shutdown finished
[ 2015-03-21 22:56:37.6261 16539/7f0cf7fff700 Ser/Server.h:453 ]: [ServerThr.1] Shutdown finished
[ 2015-03-21 22:56:37.6263 16544/7f75952117c0 age/Log/Main.cpp:425 ]: PassengerAgent logger shutdown finished
[ 2015-03-21 22:56:37.6263 16539/7f0cf77fe700 Ser/Server.h:453 ]: [ServerThr.2] Shutdown finished
[ 2015-03-21 22:56:37.6263 16539/7f0cf6ffd700 Ser/Server.h:453 ]: [ServerThr.3] Shutdown finished
[ 2015-03-21 22:56:37.6265 16539/7f0cf67fc700 Ser/Server.h:453 ]: [ServerThr.4] Shutdown finished
[ 2015-03-21 22:56:37.6269 16539/7f0cf5ffb700 Ser/Server.h:453 ]: [AdminServer] Shutdown finished
[ 2015-03-21 22:56:37.6272 16539/7f0d0b4c07c0 age/Hel/Main.cpp:724 ]: Disconnecting long-running connections for process 16592, application /apps/megauni/public (development)#default
[ 2015-03-21 22:56:37.7452 16539/7f0d0b4c07c0 age/Hel/Main.cpp:868 ]: PassengerAgent server shutdown finished
[ 2015-03-21 22:56:41.0851 16660/7f9b4f34f7c0 age/Wat/Main.cpp:1257 ]: Starting PassengerAgent watchdog...
[ 2015-03-21 22:56:41.1063 16663/7fbb746037c0 age/Hel/Main.cpp:883 ]: Starting PassengerAgent server...
[ 2015-03-21 22:56:41.1065 16663/7fbb746037c0 age/Hel/Main.cpp:232 ]: PassengerAgent server running in multi-application mode.
[ 2015-03-21 22:56:41.1099 16663/7fbb746037c0 age/Hel/Main.cpp:637 ]: PassengerAgent server online, PID 16663
[ 2015-03-21 22:56:41.1281 16670/7f819d6097c0 age/Log/Main.cpp:431 ]: Starting PassengerAgent logger...
[ 2015-03-21 22:56:41.1289 16670/7f819d6097c0 age/Log/Main.cpp:312 ]: PassengerAgent logger online, PID 16670
App 16700 stdout: 
App 16718 stdout: 

[ 2015-03-21 22:56:56.2424 16663/7fbb6d695700 age/Hel/Main.cpp:447 ]: Signal received. Gracefully shutting down... (send signal 2 more time(s) to force shutdown)
[ 2015-03-21 22:56:56.2426 16663/7fbb746037c0 age/Hel/Main.cpp:806 ]: Received command to shutdown gracefully. Waiting until all clients have disconnected...
[ 2015-03-21 22:56:56.2427 16663/7fbb746037c0 age/Hel/Main.cpp:724 ]: Disconnecting long-running connections for process 16718, application /apps/megauni/public (development)#default

[ 2015-03-21 22:56:56.2429 16670/7f8196660700 age/Log/Main.cpp:338 ]: Signal received. Gracefully shutting down... (send signal 2 more time(s) to force shutdown)
[ 2015-03-21 22:56:56.2430 16670/7f819d6097c0 age/Log/Main.cpp:400 ]: Received command to shutdown gracefully. Waiting until all clients have disconnected...
[ 2015-03-21 22:56:56.2431 16663/7fbb577fe700 Ser/Server.h:453 ]: [ServerThr.4] Shutdown finished
[ 2015-03-21 22:56:56.2431 16670/7f8196660700 Ser/Server.h:453 ]: [LoggerAdminServer] Shutdown finished
[ 2015-03-21 22:56:56.2434 16663/7fbb6d695700 Ser/Server.h:453 ]: [ServerThr.1] Shutdown finished
[ 2015-03-21 22:56:56.2436 16663/7fbb56ffd700 Ser/Server.h:453 ]: [AdminServer] Shutdown finished
[ 2015-03-21 22:56:56.2437 16670/7f819d6097c0 age/Log/Main.cpp:425 ]: PassengerAgent logger shutdown finished
[ 2015-03-21 22:56:56.2438 16663/7fbb57fff700 Ser/Server.h:453 ]: [ServerThr.3] Shutdown finished
[ 2015-03-21 22:56:56.2438 16663/7fbb6ce94700 Ser/Server.h:453 ]: [ServerThr.2] Shutdown finished
[ 2015-03-21 22:56:56.2458 16663/7fbb746037c0 age/Hel/Main.cpp:724 ]: Disconnecting long-running connections for process 16718, application /apps/megauni/public (development)#default
[ 2015-03-21 22:56:56.3640 16663/7fbb746037c0 age/Hel/Main.cpp:868 ]: PassengerAgent server shutdown finished
[ 2015-03-21 22:57:09.7495 16753/7f784c5787c0 age/Wat/Main.cpp:1257 ]: Starting PassengerAgent watchdog...
[ 2015-03-21 22:57:09.7673 16756/7f0a9118f7c0 age/Hel/Main.cpp:883 ]: Starting PassengerAgent server...
[ 2015-03-21 22:57:09.7675 16756/7f0a9118f7c0 age/Hel/Main.cpp:232 ]: PassengerAgent server running in multi-application mode.
[ 2015-03-21 22:57:09.7712 16756/7f0a9118f7c0 age/Hel/Main.cpp:637 ]: PassengerAgent server online, PID 16756
[ 2015-03-21 22:57:09.7860 16765/7f088df367c0 age/Log/Main.cpp:431 ]: Starting PassengerAgent logger...
[ 2015-03-21 22:57:09.7866 16765/7f088df367c0 age/Log/Main.cpp:312 ]: PassengerAgent logger online, PID 16765
App 16791 stdout: 
App 16809 stdout: 
App 16816 stdout: 

[ 2015-03-21 22:58:04.4204 16765/7f0886f8d700 age/Log/Main.cpp:338 ]: Signal received. Gracefully shutting down... (send signal 2 more time(s) to force shutdown)
[ 2015-03-21 22:58:04.4205 16765/7f088df367c0 age/Log/Main.cpp:400 ]: Received command to shutdown gracefully. Waiting until all clients have disconnected...
[ 2015-03-21 22:58:04.4206 16765/7f0886f8d700 Ser/Server.h:453 ]: [LoggerAdminServer] Shutdown finished
[ 2015-03-21 22:58:04.4209 16765/7f088df367c0 age/Log/Main.cpp:425 ]: PassengerAgent logger shutdown finished

[ 2015-03-21 22:58:04.4224 16756/7f0a8a221700 age/Hel/Main.cpp:447 ]: Signal received. Gracefully shutting down... (send signal 2 more time(s) to force shutdown)
[ 2015-03-21 22:58:04.4248 16756/7f0a9118f7c0 age/Hel/Main.cpp:806 ]: Received command to shutdown gracefully. Waiting until all clients have disconnected...
[ 2015-03-21 22:58:04.4250 16756/7f0a9118f7c0 age/Hel/Main.cpp:724 ]: Disconnecting long-running connections for process 16809, application /apps/megauni/public (production)#default
[ 2015-03-21 22:58:04.4252 16756/7f0a9118f7c0 age/Hel/Main.cpp:724 ]: Disconnecting long-running connections for process 16816, application /apps/megauni/public (production)#default
[ 2015-03-21 22:58:04.4254 16756/7f0a89a20700 Ser/Server.h:453 ]: [ServerThr.2] Shutdown finished
[ 2015-03-21 22:58:04.4255 16756/7f0a8921f700 Ser/Server.h:453 ]: [ServerThr.3] Shutdown finished
[ 2015-03-21 22:58:04.4258 16756/7f0a88a1e700 Ser/Server.h:453 ]: [ServerThr.4] Shutdown finished
[ 2015-03-21 22:58:04.4260 16756/7f0a8a221700 Ser/Server.h:453 ]: [ServerThr.1] Shutdown finished
[ 2015-03-21 22:58:04.4265 16756/7f0a6bfff700 Ser/Server.h:453 ]: [AdminServer] Shutdown finished
[ 2015-03-21 22:58:04.4268 16756/7f0a9118f7c0 age/Hel/Main.cpp:724 ]: Disconnecting long-running connections for process 16809, application /apps/megauni/public (production)#default
[ 2015-03-21 22:58:04.4269 16756/7f0a9118f7c0 age/Hel/Main.cpp:724 ]: Disconnecting long-running connections for process 16816, application /apps/megauni/public (production)#default
[ 2015-03-21 22:58:04.5542 16756/7f0a9118f7c0 age/Hel/Main.cpp:868 ]: PassengerAgent server shutdown finished
[ 2015-03-21 23:01:32.1278 17036/7f5106b287c0 age/Wat/Main.cpp:1257 ]: Starting PassengerAgent watchdog...
[ 2015-03-21 23:01:32.1441 17039/7fc8367f67c0 age/Hel/Main.cpp:883 ]: Starting PassengerAgent server...
[ 2015-03-21 23:01:32.1443 17039/7fc8367f67c0 age/Hel/Main.cpp:232 ]: PassengerAgent server running in multi-application mode.
[ 2015-03-21 23:01:32.1485 17039/7fc8367f67c0 age/Hel/Main.cpp:637 ]: PassengerAgent server online, PID 17039
[ 2015-03-21 23:01:32.1672 17050/7f2d24cb67c0 age/Log/Main.cpp:431 ]: Starting PassengerAgent logger...
[ 2015-03-21 23:01:32.1679 17050/7f2d24cb67c0 age/Log/Main.cpp:312 ]: PassengerAgent logger online, PID 17050
App 17074 stdout: 
App 17093 stdout: 
App 17100 stdout: 
App 17100 stdout: done
App 17093 stdout: done
App 17093 stdout: done
App 17093 stdout: done
App 17093 stdout: 
App 17093 stdout: done
App 17093 stdout: done
App 17093 stdout: 

[ 2015-03-21 23:01:49.6256 17050/7f2d1dd0d700 age/Log/Main.cpp:338 ]: Signal received. Gracefully shutting down... (send signal 2 more time(s) to force shutdown)

[ 2015-03-21 23:01:49.6257 17050/7f2d24cb67c0 age/Log/Main.cpp:400 ]: Received command to shutdown gracefully. Waiting until all clients have disconnected...
[ 2015-03-21 23:01:49.6257 17039/7fc82b7fe700 age/Hel/Main.cpp:447 ]: Signal received. Gracefully shutting down... (send signal 2 more time(s) to force shutdown)
[ 2015-03-21 23:01:49.6259 17039/7fc8367f67c0 age/Hel/Main.cpp:806 ]: Received command to shutdown gracefully. Waiting until all clients have disconnected...
[ 2015-03-21 23:01:49.6259 17050/7f2d1dd0d700 Ser/Server.h:453 ]: [LoggerAdminServer] Shutdown finished
[ 2015-03-21 23:01:49.6260 17039/7fc8367f67c0 age/Hel/Main.cpp:724 ]: Disconnecting long-running connections for process 17093, application /apps/megauni/public (production)#default
[ 2015-03-21 23:01:49.6265 17050/7f2d24cb67c0 age/Log/Main.cpp:425 ]: PassengerAgent logger shutdown finished
[ 2015-03-21 23:01:49.6326 17039/7fc8367f67c0 age/Hel/Main.cpp:724 ]: Disconnecting long-running connections for process 17100, application /apps/megauni/public (production)#default
[ 2015-03-21 23:01:49.6330 17039/7fc82b7fe700 Ser/Server.h:453 ]: [ServerThr.1] Shutdown finished
[ 2015-03-21 23:01:49.6336 17039/7fc8297fa700 Ser/Server.h:453 ]: [AdminServer] Shutdown finished
[ 2015-03-21 23:01:49.6344 17039/7fc82affd700 Ser/Server.h:453 ]: [ServerThr.2] Shutdown finished
[ 2015-03-21 23:01:49.6344 17039/7fc829ffb700 Ser/Server.h:453 ]: [ServerThr.4] Shutdown finished
[ 2015-03-21 23:01:49.6345 17039/7fc82a7fc700 Ser/Server.h:453 ]: [ServerThr.3] Shutdown finished
[ 2015-03-21 23:01:49.6349 17039/7fc8367f67c0 age/Hel/Main.cpp:724 ]: Disconnecting long-running connections for process 17093, application /apps/megauni/public (production)#default
[ 2015-03-21 23:01:49.6350 17039/7fc8367f67c0 age/Hel/Main.cpp:724 ]: Disconnecting long-running connections for process 17100, application /apps/megauni/public (production)#default
[ 2015-03-21 23:01:49.7539 17039/7fc8367f67c0 age/Hel/Main.cpp:868 ]: PassengerAgent server shutdown finished
[ 2015-03-21 23:07:50.0243 17246/7f65bd8397c0 age/Wat/Main.cpp:1257 ]: Starting PassengerAgent watchdog...
[ 2015-03-21 23:07:50.0445 17249/7fbcbedd07c0 age/Hel/Main.cpp:883 ]: Starting PassengerAgent server...
[ 2015-03-21 23:07:50.0448 17249/7fbcbedd07c0 age/Hel/Main.cpp:232 ]: PassengerAgent server running in multi-application mode.
[ 2015-03-21 23:07:50.0487 17249/7fbcbedd07c0 age/Hel/Main.cpp:637 ]: PassengerAgent server online, PID 17249
[ 2015-03-21 23:07:50.0638 17260/7f4fae6cf7c0 age/Log/Main.cpp:431 ]: Starting PassengerAgent logger...
[ 2015-03-21 23:07:50.0645 17260/7f4fae6cf7c0 age/Log/Main.cpp:312 ]: PassengerAgent logger online, PID 17260
App 17284 stdout: 
App 17302 stdout: 
App 17309 stdout: 

[ 2015-03-21 23:08:05.6320 17249/7fbcb37fe700 age/Hel/Main.cpp:447 ]: Signal received. Gracefully shutting down... (send signal 2 more time(s) to force shutdown)

[ 2015-03-21 23:08:05.6321 17249/7fbcbedd07c0 age/Hel/Main.cpp:806 ]: Received command to shutdown gracefully. Waiting until all clients have disconnected...
[ 2015-03-21 23:08:05.6322 17260/7f4fa7726700 age/Log/Main.cpp:338 ]: Signal received. Gracefully shutting down... (send signal 2 more time(s) to force shutdown)
[ 2015-03-21 23:08:05.6323 17249/7fbcbedd07c0 age/Hel/Main.cpp:724 ]: Disconnecting long-running connections for process 17302, application /apps/megauni/public (production)#default
[ 2015-03-21 23:08:05.6324 17260/7f4fae6cf7c0 age/Log/Main.cpp:400 ]: Received command to shutdown gracefully. Waiting until all clients have disconnected...
[ 2015-03-21 23:08:05.6326 17249/7fbcbedd07c0 age/Hel/Main.cpp:724 ]: Disconnecting long-running connections for process 17309, application /apps/megauni/public (production)#default
[ 2015-03-21 23:08:05.6327 17260/7f4fa7726700 Ser/Server.h:453 ]: [LoggerAdminServer] Shutdown finished
[ 2015-03-21 23:08:05.6328 17249/7fbcb2ffd700 Ser/Server.h:453 ]: [ServerThr.2] Shutdown finished
[ 2015-03-21 23:08:05.6330 17249/7fbcb27fc700 Ser/Server.h:453 ]: [ServerThr.3] Shutdown finished
[ 2015-03-21 23:08:05.6331 17249/7fbcb1ffb700 Ser/Server.h:453 ]: [ServerThr.4] Shutdown finished
[ 2015-03-21 23:08:05.6331 17249/7fbcb37fe700 Ser/Server.h:453 ]: [ServerThr.1] Shutdown finished
[ 2015-03-21 23:08:05.6334 17249/7fbcb17fa700 Ser/Server.h:453 ]: [AdminServer] Shutdown finished
[ 2015-03-21 23:08:05.6334 17260/7f4fae6cf7c0 age/Log/Main.cpp:425 ]: PassengerAgent logger shutdown finished
[ 2015-03-21 23:08:05.6337 17249/7fbcbedd07c0 age/Hel/Main.cpp:724 ]: Disconnecting long-running connections for process 17302, application /apps/megauni/public (production)#default
[ 2015-03-21 23:08:05.6338 17249/7fbcbedd07c0 age/Hel/Main.cpp:724 ]: Disconnecting long-running connections for process 17309, application /apps/megauni/public (production)#default
[ 2015-03-21 23:08:05.7552 17249/7fbcbedd07c0 age/Hel/Main.cpp:868 ]: PassengerAgent server shutdown finished
[ 2015-03-21 23:08:13.1483 17343/7f843e3447c0 age/Wat/Main.cpp:1257 ]: Starting PassengerAgent watchdog...
[ 2015-03-21 23:08:13.1693 17346/7fa89aa2f7c0 age/Hel/Main.cpp:883 ]: Starting PassengerAgent server...
[ 2015-03-21 23:08:13.1695 17346/7fa89aa2f7c0 age/Hel/Main.cpp:232 ]: PassengerAgent server running in multi-application mode.
[ 2015-03-21 23:08:13.1736 17346/7fa89aa2f7c0 age/Hel/Main.cpp:637 ]: PassengerAgent server online, PID 17346
[ 2015-03-21 23:08:13.1895 17356/7fe3b22677c0 age/Log/Main.cpp:431 ]: Starting PassengerAgent logger...
[ 2015-03-21 23:08:13.1903 17356/7fe3b22677c0 age/Log/Main.cpp:312 ]: PassengerAgent logger online, PID 17356
App 17381 stdout: 
App 17401 stdout: 
App 17408 stdout: 

[ 2015-03-21 23:08:24.6825 17346/7fa88f7fe700 age/Hel/Main.cpp:447 ]: Signal received. Gracefully shutting down... (send signal 2 more time(s) to force shutdown)
[ 2015-03-21 23:08:24.6826 17346/7fa89aa2f7c0 age/Hel/Main.cpp:806 ]: Received command to shutdown gracefully. Waiting until all clients have disconnected...
[ 2015-03-21 23:08:24.6827 17346/7fa89aa2f7c0 age/Hel/Main.cpp:724 ]: Disconnecting long-running connections for process 17401, application /apps/megauni/public (production)#default
[ 2015-03-21 23:08:24.6828 17346/7fa89aa2f7c0 age/Hel/Main.cpp:724 ]: Disconnecting long-running connections for process 17408, application /apps/megauni/public (production)#default
[ 2015-03-21 23:08:24.6830 17346/7fa88f7fe700 Ser/Server.h:453 ]: [ServerThr.1] Shutdown finished
[ 2015-03-21 23:08:24.6833 17346/7fa88dffb700 Ser/Server.h:453 ]: [ServerThr.4] Shutdown finished
[ 2015-03-21 23:08:24.6833 17346/7fa88e7fc700 Ser/Server.h:453 ]: [ServerThr.3] Shutdown finished
[ 2015-03-21 23:08:24.6834 17346/7fa88effd700 Ser/Server.h:453 ]: [ServerThr.2] Shutdown finished
[ 2015-03-21 23:08:24.6849 17346/7fa88d7fa700 Ser/Server.h:453 ]: [AdminServer] Shutdown finished
[ 2015-03-21 23:08:24.6852 17346/7fa89aa2f7c0 age/Hel/Main.cpp:724 ]: Disconnecting long-running connections for process 17401, application /apps/megauni/public (production)#default
[ 2015-03-21 23:08:24.6853 17346/7fa89aa2f7c0 age/Hel/Main.cpp:724 ]: Disconnecting long-running connections for process 17408, application /apps/megauni/public (production)#default

[ 2015-03-21 23:08:24.6859 17356/7fe3ab2be700 age/Log/Main.cpp:338 ]: Signal received. Gracefully shutting down... (send signal 2 more time(s) to force shutdown)
[ 2015-03-21 23:08:24.6860 17356/7fe3b22677c0 age/Log/Main.cpp:400 ]: Received command to shutdown gracefully. Waiting until all clients have disconnected...
[ 2015-03-21 23:08:24.6861 17356/7fe3ab2be700 Ser/Server.h:453 ]: [LoggerAdminServer] Shutdown finished
[ 2015-03-21 23:08:24.6864 17356/7fe3b22677c0 age/Log/Main.cpp:425 ]: PassengerAgent logger shutdown finished
[ 2015-03-21 23:08:24.8069 17346/7fa89aa2f7c0 age/Hel/Main.cpp:868 ]: PassengerAgent server shutdown finished
[ 2015-03-21 23:12:05.6259 17507/7f31f3dbb7c0 age/Wat/Main.cpp:1257 ]: Starting PassengerAgent watchdog...
[ 2015-03-21 23:12:05.6458 17510/7ff34b9927c0 age/Hel/Main.cpp:883 ]: Starting PassengerAgent server...
[ 2015-03-21 23:12:05.6459 17510/7ff34b9927c0 age/Hel/Main.cpp:232 ]: PassengerAgent server running in multi-application mode.
[ 2015-03-21 23:12:05.6499 17510/7ff34b9927c0 age/Hel/Main.cpp:637 ]: PassengerAgent server online, PID 17510
[ 2015-03-21 23:12:05.6656 17515/7f6d934037c0 age/Log/Main.cpp:431 ]: Starting PassengerAgent logger...
[ 2015-03-21 23:12:05.6662 17515/7f6d934037c0 age/Log/Main.cpp:312 ]: PassengerAgent logger online, PID 17515
App 17545 stdout: 
App 17563 stdout: 
App 17570 stdout: 

[ 2015-03-21 23:12:22.8714 17510/7ff344a24700 age/Hel/Main.cpp:447 ]: Signal received. Gracefully shutting down... (send signal 2 more time(s) to force shutdown)
[ 2015-03-21 23:12:22.8716 17510/7ff34b9927c0 age/Hel/Main.cpp:806 ]: Received command to shutdown gracefully. Waiting until all clients have disconnected...
[ 2015-03-21 23:12:22.8718 17510/7ff34b9927c0 age/Hel/Main.cpp:724 ]: Disconnecting long-running connections for process 17563, application /apps/megauni/public (production)#default
[ 2015-03-21 23:12:22.8720 17510/7ff34b9927c0 age/Hel/Main.cpp:724 ]: Disconnecting long-running connections for process 17570, application /apps/megauni/public (production)#default
[ 2015-03-21 23:12:22.8722 17510/7ff344a24700 Ser/Server.h:453 ]: [ServerThr.1] Shutdown finished

[ 2015-03-21 23:12:22.8728 17515/7f6d87fff700 age/Log/Main.cpp:338 ]: Signal received. Gracefully shutting down... (send signal 2 more time(s) to force shutdown)
[ 2015-03-21 23:12:22.8729 17515/7f6d934037c0 age/Log/Main.cpp:400 ]: Received command to shutdown gracefully. Waiting until all clients have disconnected...
[ 2015-03-21 23:12:22.8733 17515/7f6d87fff700 Ser/Server.h:453 ]: [LoggerAdminServer] Shutdown finished
[ 2015-03-21 23:12:22.8745 17510/7ff337fff700 Ser/Server.h:453 ]: [ServerThr.2] Shutdown finished
[ 2015-03-21 23:12:22.8745 17515/7f6d934037c0 age/Log/Main.cpp:425 ]: PassengerAgent logger shutdown finished
[ 2015-03-21 23:12:22.8747 17510/7ff3377fe700 Ser/Server.h:453 ]: [ServerThr.3] Shutdown finished
[ 2015-03-21 23:12:22.8748 17510/7ff336ffd700 Ser/Server.h:453 ]: [ServerThr.4] Shutdown finished
[ 2015-03-21 23:12:22.8762 17510/7ff3367fc700 Ser/Server.h:453 ]: [AdminServer] Shutdown finished
[ 2015-03-21 23:12:22.8773 17510/7ff34b9927c0 age/Hel/Main.cpp:724 ]: Disconnecting long-running connections for process 17563, application /apps/megauni/public (production)#default
[ 2015-03-21 23:12:22.8776 17510/7ff34b9927c0 age/Hel/Main.cpp:724 ]: Disconnecting long-running connections for process 17570, application /apps/megauni/public (production)#default
App 17545 stderr: [ 2015-03-21 23:12:22.8848 17563/0x00000000da5ed0(HTTP helper worker) utils.rb:85 ]: *** Exception IOError (stream closed) (process 17563, thread 0x00000000da5ed0(HTTP helper worker)):
App 17545 stderr: 	from /progs/ruby/2.2.0/lib/ruby/gems/2.2.0/gems/passenger-5.0.4/lib/phusion_passenger/request_handler/thread_handler.rb:133:in `accept'
App 17545 stderr: 	from /progs/ruby/2.2.0/lib/ruby/gems/2.2.0/gems/passenger-5.0.4/lib/phusion_passenger/request_handler/thread_handler.rb:133:in `accept_and_process_next_request'
App 17545 stderr: 	from /progs/ruby/2.2.0/lib/ruby/gems/2.2.0/gems/passenger-5.0.4/lib/phusion_passenger/request_handler/thread_handler.rb:110:in `main_loop'
App 17545 stderr: 	from /progs/ruby/2.2.0/lib/ruby/gems/2.2.0/gems/passenger-5.0.4/lib/phusion_passenger/request_handler.rb:429:in `block (2 levels) in start_threads'
App 17545 stderr: 	from /progs/ruby/2.2.0/lib/ruby/gems/2.2.0/gems/passenger-5.0.4/lib/phusion_passenger/utils.rb:111:in `block in create_thread_and_abort_on_exception'
[ 2015-03-21 23:12:22.9957 17510/7ff34b9927c0 age/Hel/Main.cpp:868 ]: PassengerAgent server shutdown finished
[ 2015-03-21 23:14:13.7125 17616/7f2c30ee47c0 age/Wat/Main.cpp:1257 ]: Starting PassengerAgent watchdog...
[ 2015-03-21 23:14:13.7325 17619/7ff6f626f7c0 age/Hel/Main.cpp:883 ]: Starting PassengerAgent server...
[ 2015-03-21 23:14:13.7327 17619/7ff6f626f7c0 age/Hel/Main.cpp:232 ]: PassengerAgent server running in multi-application mode.
[ 2015-03-21 23:14:13.7361 17619/7ff6f626f7c0 age/Hel/Main.cpp:637 ]: PassengerAgent server online, PID 17619
[ 2015-03-21 23:14:13.7514 17630/7f08fec407c0 age/Log/Main.cpp:431 ]: Starting PassengerAgent logger...
[ 2015-03-21 23:14:13.7521 17630/7f08fec407c0 age/Log/Main.cpp:312 ]: PassengerAgent logger online, PID 17630
App 17655 stdout: 
App 17673 stdout: 
App 17680 stdout: 


[ 2015-03-21 23:15:04.8457 17630/7f08f7c97700 age/Log/Main.cpp:338 ]: Signal received. Gracefully shutting down... (send signal 2 more time(s) to force shutdown)
[ 2015-03-21 23:15:04.8457 17619/7ff6ef301700 age/Hel/Main.cpp:447 ]: Signal received. Gracefully shutting down... (send signal 2 more time(s) to force shutdown)
[ 2015-03-21 23:15:04.8458 17630/7f08fec407c0 age/Log/Main.cpp:400 ]: Received command to shutdown gracefully. Waiting until all clients have disconnected...
[ 2015-03-21 23:15:04.8459 17619/7ff6f626f7c0 age/Hel/Main.cpp:806 ]: Received command to shutdown gracefully. Waiting until all clients have disconnected...
[ 2015-03-21 23:15:04.8460 17619/7ff6f626f7c0 age/Hel/Main.cpp:724 ]: Disconnecting long-running connections for process 17673, application /apps/megauni/public (production)#default
[ 2015-03-21 23:15:04.8464 17619/7ff6f626f7c0 age/Hel/Main.cpp:724 ]: Disconnecting long-running connections for process 17680, application /apps/megauni/public (production)#default
[ 2015-03-21 23:15:04.8464 17630/7f08f7c97700 Ser/Server.h:453 ]: [LoggerAdminServer] Shutdown finished
[ 2015-03-21 23:15:04.8466 17619/7ff6edafe700 Ser/Server.h:453 ]: [ServerThr.4] Shutdown finished
[ 2015-03-21 23:15:04.8467 17619/7ff6eeb00700 Ser/Server.h:453 ]: [ServerThr.2] Shutdown finished
[ 2015-03-21 23:15:04.8468 17619/7ff6ee2ff700 Ser/Server.h:453 ]: [ServerThr.3] Shutdown finished
[ 2015-03-21 23:15:04.8469 17619/7ff6ef301700 Ser/Server.h:453 ]: [ServerThr.1] Shutdown finished
[ 2015-03-21 23:15:04.8474 17619/7ff6ed2fd700 Ser/Server.h:453 ]: [AdminServer] Shutdown finished
[ 2015-03-21 23:15:04.8478 17619/7ff6f626f7c0 age/Hel/Main.cpp:724 ]: Disconnecting long-running connections for process 17673, application /apps/megauni/public (production)#default
[ 2015-03-21 23:15:04.8480 17619/7ff6f626f7c0 age/Hel/Main.cpp:724 ]: Disconnecting long-running connections for process 17680, application /apps/megauni/public (production)#default
App 17655 stderr: [ 2015-03-21 23:15:04.8492 17680/0x0000000188eb30(HTTP helper worker) utils.rb:85 ]: *** Exception IOError (stream closed) (process 17680, thread 0x0000000188eb30(HTTP helper worker)):
App 17655 stderr: 	from /progs/ruby/2.2.0/lib/ruby/gems/2.2.0/gems/passenger-5.0.4/lib/phusion_passenger/request_handler/thread_handler.rb:133:in `accept'
App 17655 stderr: 	from /progs/ruby/2.2.0/lib/ruby/gems/2.2.0/gems/passenger-5.0.4/lib/phusion_passenger/request_handler/thread_handler.rb:133:in `accept_and_process_next_request'
App 17655 stderr: 	from /progs/ruby/2.2.0/lib/ruby/gems/2.2.0/gems/passenger-5.0.4/lib/phusion_passenger/request_handler/thread_handler.rb:110:in `main_loop'
App 17655 stderr: 	from /progs/ruby/2.2.0/lib/ruby/gems/2.2.0/gems/passenger-5.0.4/lib/phusion_passenger/request_handler.rb:429:in `block (2 levels) in start_threads'
App 17655 stderr: 	from /progs/ruby/2.2.0/lib/ruby/gems/2.2.0/gems/passenger-5.0.4/lib/phusion_passenger/utils.rb:111:in `block in create_thread_and_abort_on_exception'
[ 2015-03-21 23:15:04.8512 17630/7f08fec407c0 age/Log/Main.cpp:425 ]: PassengerAgent logger shutdown finished
[ 2015-03-21 23:15:04.9666 17619/7ff6f626f7c0 age/Hel/Main.cpp:868 ]: PassengerAgent server shutdown finished
[ 2015-03-21 23:28:55.0521 19197/7ffc4eac77c0 age/Wat/Main.cpp:1257 ]: Starting PassengerAgent watchdog...
[ 2015-03-21 23:28:55.0683 19200/7fc3e50c57c0 age/Hel/Main.cpp:883 ]: Starting PassengerAgent server...
[ 2015-03-21 23:28:55.0684 19200/7fc3e50c57c0 age/Hel/Main.cpp:232 ]: PassengerAgent server running in multi-application mode.
[ 2015-03-21 23:28:55.0731 19200/7fc3e50c57c0 age/Hel/Main.cpp:637 ]: PassengerAgent server online, PID 19200
[ 2015-03-21 23:28:55.0894 19209/7f514a7527c0 age/Log/Main.cpp:431 ]: Starting PassengerAgent logger...
[ 2015-03-21 23:28:55.0901 19209/7f514a7527c0 age/Log/Main.cpp:312 ]: PassengerAgent logger online, PID 19209
App 19235 stdout: 
App 19253 stdout: 

[ 2015-03-21 23:29:08.4941 19200/7fc3de157700 age/Hel/Main.cpp:447 ]: Signal received. Gracefully shutting down... (send signal 2 more time(s) to force shutdown)

[ 2015-03-21 23:29:08.4942 19200/7fc3e50c57c0 age/Hel/Main.cpp:806 ]: Received command to shutdown gracefully. Waiting until all clients have disconnected...
[ 2015-03-21 23:29:08.4943 19209/7f51437a9700 age/Log/Main.cpp:338 ]: Signal received. Gracefully shutting down... (send signal 2 more time(s) to force shutdown)
[ 2015-03-21 23:29:08.4944 19200/7fc3e50c57c0 age/Hel/Main.cpp:724 ]: Disconnecting long-running connections for process 19253, application /apps/megauni/public (development)#default
[ 2015-03-21 23:29:08.4944 19209/7f514a7527c0 age/Log/Main.cpp:400 ]: Received command to shutdown gracefully. Waiting until all clients have disconnected...
[ 2015-03-21 23:29:08.4945 19209/7f51437a9700 Ser/Server.h:453 ]: [LoggerAdminServer] Shutdown finished
[ 2015-03-21 23:29:08.4946 19200/7fc3dd956700 Ser/Server.h:453 ]: [ServerThr.2] Shutdown finished
[ 2015-03-21 23:29:08.4946 19200/7fc3dd155700 Ser/Server.h:453 ]: [ServerThr.3] Shutdown finished
[ 2015-03-21 23:29:08.4947 19209/7f514a7527c0 age/Log/Main.cpp:425 ]: PassengerAgent logger shutdown finished
[ 2015-03-21 23:29:08.4947 19200/7fc3dc954700 Ser/Server.h:453 ]: [ServerThr.4] Shutdown finished
[ 2015-03-21 23:29:08.4969 19200/7fc3de157700 Ser/Server.h:453 ]: [ServerThr.1] Shutdown finished
[ 2015-03-21 23:29:08.4991 19200/7fc3bffff700 Ser/Server.h:453 ]: [AdminServer] Shutdown finished
[ 2015-03-21 23:29:08.4994 19200/7fc3e50c57c0 age/Hel/Main.cpp:724 ]: Disconnecting long-running connections for process 19253, application /apps/megauni/public (development)#default
[ 2015-03-21 23:29:08.6164 19200/7fc3e50c57c0 age/Hel/Main.cpp:868 ]: PassengerAgent server shutdown finished
[ 2015-03-21 23:29:10.7545 19288/7f571d8017c0 age/Wat/Main.cpp:1257 ]: Starting PassengerAgent watchdog...
[ 2015-03-21 23:29:10.7712 19291/7fbd1b2097c0 age/Hel/Main.cpp:883 ]: Starting PassengerAgent server...
[ 2015-03-21 23:29:10.7714 19291/7fbd1b2097c0 age/Hel/Main.cpp:232 ]: PassengerAgent server running in multi-application mode.
[ 2015-03-21 23:29:10.7752 19291/7fbd1b2097c0 age/Hel/Main.cpp:637 ]: PassengerAgent server online, PID 19291
[ 2015-03-21 23:29:10.7905 19296/7f10045377c0 age/Log/Main.cpp:431 ]: Starting PassengerAgent logger...
[ 2015-03-21 23:29:10.7911 19296/7f10045377c0 age/Log/Main.cpp:312 ]: PassengerAgent logger online, PID 19296
App 19325 stdout: 
App 19344 stdout: 
App 19351 stdout: 
[ 2015-03-21 23:29:16.1525 19291/7fbd07fff700 Ser/Server.h:894 ]: [Client 1-1] Disconnecting client with error: client socket write error: Broken pipe (errno=32)
App 19358 stdout: 

[ 2015-03-21 23:30:14.6019 19296/7f0ffd58e700 age/Log/Main.cpp:338 ]: Signal received. Gracefully shutting down... (send signal 2 more time(s) to force shutdown)

[ 2015-03-21 23:30:14.6020 19291/7fbd07fff700 age/Hel/Main.cpp:447 ]: Signal received. Gracefully shutting down... (send signal 2 more time(s) to force shutdown)
[ 2015-03-21 23:30:14.6020 19296/7f10045377c0 age/Log/Main.cpp:400 ]: Received command to shutdown gracefully. Waiting until all clients have disconnected...
[ 2015-03-21 23:30:14.6021 19291/7fbd1b2097c0 age/Hel/Main.cpp:806 ]: Received command to shutdown gracefully. Waiting until all clients have disconnected...
[ 2015-03-21 23:30:14.6023 19291/7fbd1b2097c0 age/Hel/Main.cpp:724 ]: Disconnecting long-running connections for process 19344, application /apps/megauni/public (development)#default
[ 2015-03-21 23:30:14.6024 19291/7fbd1b2097c0 age/Hel/Main.cpp:724 ]: Disconnecting long-running connections for process 19351, application /apps/megauni/public (development)#default
[ 2015-03-21 23:30:14.6025 19291/7fbd1b2097c0 age/Hel/Main.cpp:724 ]: Disconnecting long-running connections for process 19358, application /apps/megauni/public (development)#default
[ 2015-03-21 23:30:14.6027 19291/7fbd07fff700 Ser/Server.h:453 ]: [ServerThr.1] Shutdown finished
[ 2015-03-21 23:30:14.6027 19291/7fbd077fe700 Ser/Server.h:453 ]: [ServerThr.2] Shutdown finished
[ 2015-03-21 23:30:14.6029 19291/7fbd06ffd700 Ser/Server.h:453 ]: [ServerThr.3] Shutdown finished
[ 2015-03-21 23:30:14.6031 19291/7fbd067fc700 Ser/Server.h:453 ]: [ServerThr.4] Shutdown finished
[ 2015-03-21 23:30:14.6032 19296/7f0ffd58e700 Ser/Server.h:453 ]: [LoggerAdminServer] Shutdown finished
[ 2015-03-21 23:30:14.6035 19296/7f10045377c0 age/Log/Main.cpp:425 ]: PassengerAgent logger shutdown finished
App 19325 stderr: [ 2015-03-21 23:30:14.6041 19351/0x0000000194f380(Worker 1) utils.rb:85 ]: *** Exception IOError (stream closed) (process 19351, thread 0x0000000194f380(Worker 1)):
App 19325 stderr: 	from /progs/ruby/2.2.0/lib/ruby/gems/2.2.0/gems/passenger-5.0.4/lib/phusion_passenger/request_handler/thread_handler.rb:133:in `accept'
App 19325 stderr: 	from /progs/ruby/2.2.0/lib/ruby/gems/2.2.0/gems/passenger-5.0.4/lib/phusion_passenger/request_handler/thread_handler.rb:133:in `accept_and_process_next_request'
App 19325 stderr: 	from /progs/ruby/2.2.0/lib/ruby/gems/2.2.0/gems/passenger-5.0.4/lib/phusion_passenger/request_handler/thread_handler.rb:110:in `main_loop'
App 19325 stderr: 	from /progs/ruby/2.2.0/lib/ruby/gems/2.2.0/gems/passenger-5.0.4/lib/phusion_passenger/request_handler.rb:414:in `block (3 levels) in start_threads'
App 19325 stderr: 	from /progs/ruby/2.2.0/lib/ruby/gems/2.2.0/gems/passenger-5.0.4/lib/phusion_passenger/utils.rb:111:in `block in create_thread_and_abort_on_exception'
[ 2015-03-21 23:30:14.6050 19291/7fbd05ffb700 Ser/Server.h:453 ]: [AdminServer] Shutdown finished
[ 2015-03-21 23:30:14.6053 19291/7fbd1b2097c0 age/Hel/Main.cpp:724 ]: Disconnecting long-running connections for process 19344, application /apps/megauni/public (development)#default
[ 2015-03-21 23:30:14.6054 19291/7fbd1b2097c0 age/Hel/Main.cpp:724 ]: Disconnecting long-running connections for process 19351, application /apps/megauni/public (development)#default
[ 2015-03-21 23:30:14.6055 19291/7fbd1b2097c0 age/Hel/Main.cpp:724 ]: Disconnecting long-running connections for process 19358, application /apps/megauni/public (development)#default
[ 2015-03-21 23:30:14.7289 19291/7fbd1b2097c0 age/Hel/Main.cpp:868 ]: PassengerAgent server shutdown finished
[ 2015-03-21 23:33:53.3107 19634/7f380478a7c0 age/Wat/Main.cpp:1257 ]: Starting PassengerAgent watchdog...
[ 2015-03-21 23:33:53.3323 19637/7f1c9b7ec7c0 age/Hel/Main.cpp:883 ]: Starting PassengerAgent server...
[ 2015-03-21 23:33:53.3325 19637/7f1c9b7ec7c0 age/Hel/Main.cpp:232 ]: PassengerAgent server running in multi-application mode.
[ 2015-03-21 23:33:53.3359 19637/7f1c9b7ec7c0 age/Hel/Main.cpp:637 ]: PassengerAgent server online, PID 19637
[ 2015-03-21 23:33:53.3523 19643/7ff756c7e7c0 age/Log/Main.cpp:431 ]: Starting PassengerAgent logger...
[ 2015-03-21 23:33:53.3529 19643/7ff756c7e7c0 age/Log/Main.cpp:312 ]: PassengerAgent logger online, PID 19643
App 19672 stdout: 
App 19690 stdout: 
App 19697 stdout: 

[ 2015-03-21 23:38:15.5266 19637/7f1c9487e700 age/Hel/Main.cpp:447 ]: Signal received. Gracefully shutting down... (send signal 2 more time(s) to force shutdown)
[ 2015-03-21 23:38:15.5268 19637/7f1c9b7ec7c0 age/Hel/Main.cpp:806 ]: Received command to shutdown gracefully. Waiting until all clients have disconnected...
[ 2015-03-21 23:38:15.5269 19637/7f1c9b7ec7c0 age/Hel/Main.cpp:724 ]: Disconnecting long-running connections for process 19690, application /apps/megauni/public (development)#default
[ 2015-03-21 23:38:15.5272 19637/7f1c9b7ec7c0 age/Hel/Main.cpp:724 ]: Disconnecting long-running connections for process 19697, application /apps/megauni/public (development)#default
[ 2015-03-21 23:38:15.5275 19637/7f1c877fe700 Ser/Server.h:453 ]: [ServerThr.3] Shutdown finished
[ 2015-03-21 23:38:15.5277 19637/7f1c9487e700 Ser/Server.h:453 ]: [ServerThr.1] Shutdown finished
[ 2015-03-21 23:38:15.5298 19637/7f1c86ffd700 Ser/Server.h:453 ]: [ServerThr.4] Shutdown finished
[ 2015-03-21 23:38:15.5305 19637/7f1c87fff700 Ser/Server.h:453 ]: [ServerThr.2] Shutdown finished
[ 2015-03-21 23:38:15.5310 19637/7f1c867fc700 Ser/Server.h:453 ]: [AdminServer] Shutdown finished
App 19672 stderr: [ 2015-03-21 23:38:15.5303 19690/0x00000002615b50(HTTP helper worker) utils.rb:85 ]: *** Exception IOError (stream closed) (process 19690, thread 0x00000002615b50(HTTP helper worker)):
App 19672 stderr: 	from /progs/ruby/2.2.0/lib/ruby/gems/2.2.0/gems/passenger-5.0.4/lib/phusion_passenger/request_handler/thread_handler.rb:133:in `accept'
App 19672 stderr: 	from /progs/ruby/2.2.0/lib/ruby/gems/2.2.0/gems/passenger-5.0.4/lib/phusion_passenger/request_handler/thread_handler.rb:133:in `accept_and_process_next_request'
App 19672 stderr: 	from /progs/ruby/2.2.0/lib/ruby/gems/2.2.0/gems/passenger-5.0.4/lib/phusion_passenger/request_handler/thread_handler.rb:110:in `main_loop'
App 19672 stderr: 	from /progs/ruby/2.2.0/lib/ruby/gems/2.2.0/gems/passenger-5.0.4/lib/phusion_passenger/request_handler.rb:429:in `block (2 levels) in start_threads'
App 19672 stderr: 	from /progs/ruby/2.2.0/lib/ruby/gems/2.2.0/gems/passenger-5.0.4/lib/phusion_passenger/utils.rb:111:in `block in create_thread_and_abort_on_exception'
[ 2015-03-21 23:38:15.5313 19637/7f1c9b7ec7c0 age/Hel/Main.cpp:724 ]: Disconnecting long-running connections for process 19690, application /apps/megauni/public (development)#default
[ 2015-03-21 23:38:15.5314 19637/7f1c9b7ec7c0 age/Hel/Main.cpp:724 ]: Disconnecting long-running connections for process 19697, application /apps/megauni/public (development)#default

[ 2015-03-21 23:38:15.5331 19643/7ff74fcd5700 age/Log/Main.cpp:338 ]: Signal received. Gracefully shutting down... (send signal 2 more time(s) to force shutdown)
[ 2015-03-21 23:38:15.5333 19643/7ff756c7e7c0 age/Log/Main.cpp:400 ]: Received command to shutdown gracefully. Waiting until all clients have disconnected...
[ 2015-03-21 23:38:15.5335 19643/7ff74fcd5700 Ser/Server.h:453 ]: [LoggerAdminServer] Shutdown finished
[ 2015-03-21 23:38:15.5339 19643/7ff756c7e7c0 age/Log/Main.cpp:425 ]: PassengerAgent logger shutdown finished
[ 2015-03-21 23:38:15.6476 19637/7f1c9b7ec7c0 age/Hel/Main.cpp:868 ]: PassengerAgent server shutdown finished
[ 2015-03-21 23:38:17.5590 19864/7f40fd4927c0 age/Wat/Main.cpp:1257 ]: Starting PassengerAgent watchdog...
[ 2015-03-21 23:38:17.5735 19867/7fe98785b7c0 age/Hel/Main.cpp:883 ]: Starting PassengerAgent server...
[ 2015-03-21 23:38:17.5737 19867/7fe98785b7c0 age/Hel/Main.cpp:232 ]: PassengerAgent server running in multi-application mode.
[ 2015-03-21 23:38:17.5775 19867/7fe98785b7c0 age/Hel/Main.cpp:637 ]: PassengerAgent server online, PID 19867
[ 2015-03-21 23:38:17.5932 19873/7f04b0cf17c0 age/Log/Main.cpp:431 ]: Starting PassengerAgent logger...
[ 2015-03-21 23:38:17.5938 19873/7f04b0cf17c0 age/Log/Main.cpp:312 ]: PassengerAgent logger online, PID 19873
App 19903 stdout: 
App 19922 stdout: 
App 19929 stdout: 
[ 2015-03-21 23:38:22.7956 19867/7fe9808ed700 Ser/Server.h:894 ]: [Client 1-1] Disconnecting client with error: client socket write error: Broken pipe (errno=32)
App 19936 stdout: 

[ 2015-03-21 23:38:56.8248 19867/7fe9808ed700 age/Hel/Main.cpp:447 ]: Signal received. Gracefully shutting down... (send signal 2 more time(s) to force shutdown)

[ 2015-03-21 23:38:56.8251 19873/7f04a9d48700 age/Log/Main.cpp:338 ]: Signal received. Gracefully shutting down... (send signal 2 more time(s) to force shutdown)
[ 2015-03-21 23:38:56.8252 19873/7f04b0cf17c0 age/Log/Main.cpp:400 ]: Received command to shutdown gracefully. Waiting until all clients have disconnected...
[ 2015-03-21 23:38:56.8255 19873/7f04a9d48700 Ser/Server.h:453 ]: [LoggerAdminServer] Shutdown finished
[ 2015-03-21 23:38:56.8259 19873/7f04b0cf17c0 age/Log/Main.cpp:425 ]: PassengerAgent logger shutdown finished
[ 2015-03-21 23:38:56.8263 19867/7fe98785b7c0 age/Hel/Main.cpp:806 ]: Received command to shutdown gracefully. Waiting until all clients have disconnected...
[ 2015-03-21 23:38:56.8265 19867/7fe98785b7c0 age/Hel/Main.cpp:724 ]: Disconnecting long-running connections for process 19922, application /apps/megauni/public (development)#default
[ 2015-03-21 23:38:56.8268 19867/7fe98785b7c0 age/Hel/Main.cpp:724 ]: Disconnecting long-running connections for process 19929, application /apps/megauni/public (development)#default
[ 2015-03-21 23:38:56.8269 19867/7fe98785b7c0 age/Hel/Main.cpp:724 ]: Disconnecting long-running connections for process 19936, application /apps/megauni/public (development)#default
[ 2015-03-21 23:38:56.8272 19867/7fe973fff700 Ser/Server.h:453 ]: [ServerThr.2] Shutdown finished
[ 2015-03-21 23:38:56.8275 19867/7fe972ffd700 Ser/Server.h:453 ]: [ServerThr.4] Shutdown finished
[ 2015-03-21 23:38:56.8276 19867/7fe9808ed700 Ser/Server.h:453 ]: [ServerThr.1] Shutdown finished
[ 2015-03-21 23:38:56.8279 19867/7fe9727fc700 Ser/Server.h:453 ]: [AdminServer] Shutdown finished
[ 2015-03-21 23:38:56.8292 19867/7fe9737fe700 Ser/Server.h:453 ]: [ServerThr.3] Shutdown finished
[ 2015-03-21 23:38:56.8313 19867/7fe98785b7c0 age/Hel/Main.cpp:724 ]: Disconnecting long-running connections for process 19922, application /apps/megauni/public (development)#default
[ 2015-03-21 23:38:56.8316 19867/7fe98785b7c0 age/Hel/Main.cpp:724 ]: Disconnecting long-running connections for process 19929, application /apps/megauni/public (development)#default
[ 2015-03-21 23:38:56.8317 19867/7fe98785b7c0 age/Hel/Main.cpp:724 ]: Disconnecting long-running connections for process 19936, application /apps/megauni/public (development)#default
App 19903 stderr: [ 2015-03-21 23:38:56.8331 19929/0x0000000155e438(Worker 1) utils.rb:85 ]: *** Exception IOError (stream closed) (process 19929, thread 0x0000000155e438(Worker 1)):
App 19903 stderr: 	from /progs/ruby/2.2.0/lib/ruby/gems/2.2.0/gems/passenger-5.0.4/lib/phusion_passenger/request_handler/thread_handler.rb:133:in `accept'
App 19903 stderr: 	from /progs/ruby/2.2.0/lib/ruby/gems/2.2.0/gems/passenger-5.0.4/lib/phusion_passenger/request_handler/thread_handler.rb:133:in `accept_and_process_next_request'
App 19903 stderr: 	from /progs/ruby/2.2.0/lib/ruby/gems/2.2.0/gems/passenger-5.0.4/lib/phusion_passenger/request_handler/thread_handler.rb:110:in `main_loop'
App 19903 stderr: 	from /progs/ruby/2.2.0/lib/ruby/gems/2.2.0/gems/passenger-5.0.4/lib/phusion_passenger/request_handler.rb:414:in `block (3 levels) in start_threads'
App 19903 stderr: 	from /progs/ruby/2.2.0/lib/ruby/gems/2.2.0/gems/passenger-5.0.4/lib/phusion_passenger/utils.rb:111:in `block in create_thread_and_abort_on_exception'
[ 2015-03-21 23:38:56.9643 19867/7fe98785b7c0 age/Hel/Main.cpp:868 ]: PassengerAgent server shutdown finished
[ 2015-03-21 23:38:58.7136 19988/7f131a6c47c0 age/Wat/Main.cpp:1257 ]: Starting PassengerAgent watchdog...
[ 2015-03-21 23:38:58.7312 19991/7fc4c5c3b7c0 age/Hel/Main.cpp:883 ]: Starting PassengerAgent server...
[ 2015-03-21 23:38:58.7314 19991/7fc4c5c3b7c0 age/Hel/Main.cpp:232 ]: PassengerAgent server running in multi-application mode.
[ 2015-03-21 23:38:58.7350 19991/7fc4c5c3b7c0 age/Hel/Main.cpp:637 ]: PassengerAgent server online, PID 19991
[ 2015-03-21 23:38:58.7520 20001/7f4d182817c0 age/Log/Main.cpp:431 ]: Starting PassengerAgent logger...
[ 2015-03-21 23:38:58.7526 20001/7f4d182817c0 age/Log/Main.cpp:312 ]: PassengerAgent logger online, PID 20001
App 20026 stdout: 
App 20044 stdout: 
App 20051 stdout: 

[ 2015-03-21 23:39:17.2871 20001/7f4d112d8700 age/Log/Main.cpp:338 ]: Signal received. Gracefully shutting down... (send signal 2 more time(s) to force shutdown)
[ 2015-03-21 23:39:17.2873 20001/7f4d182817c0 age/Log/Main.cpp:400 ]: Received command to shutdown gracefully. Waiting until all clients have disconnected...

[ 2015-03-21 23:39:17.2874 19991/7fc4beccd700 age/Hel/Main.cpp:447 ]: Signal received. Gracefully shutting down... (send signal 2 more time(s) to force shutdown)
[ 2015-03-21 23:39:17.2875 20001/7f4d112d8700 Ser/Server.h:453 ]: [LoggerAdminServer] Shutdown finished
[ 2015-03-21 23:39:17.2880 19991/7fc4c5c3b7c0 age/Hel/Main.cpp:806 ]: Received command to shutdown gracefully. Waiting until all clients have disconnected...
[ 2015-03-21 23:39:17.2882 19991/7fc4c5c3b7c0 age/Hel/Main.cpp:724 ]: Disconnecting long-running connections for process 20044, application /apps/megauni/public (development)#default
[ 2015-03-21 23:39:17.2884 19991/7fc4c5c3b7c0 age/Hel/Main.cpp:724 ]: Disconnecting long-running connections for process 20051, application /apps/megauni/public (development)#default
[ 2015-03-21 23:39:17.2887 19991/7fc4be4cc700 Ser/Server.h:453 ]: [ServerThr.2] Shutdown finished
[ 2015-03-21 23:39:17.2889 19991/7fc4bdccb700 Ser/Server.h:453 ]: [ServerThr.3] Shutdown finished
[ 2015-03-21 23:39:17.2895 19991/7fc4bd4ca700 Ser/Server.h:453 ]: [ServerThr.4] Shutdown finished
[ 2015-03-21 23:39:17.2903 19991/7fc4beccd700 Ser/Server.h:453 ]: [ServerThr.1] Shutdown finished
[ 2015-03-21 23:39:17.2934 19991/7fc4bccc9700 Ser/Server.h:453 ]: [AdminServer] Shutdown finished
[ 2015-03-21 23:39:17.2938 19991/7fc4c5c3b7c0 age/Hel/Main.cpp:724 ]: Disconnecting long-running connections for process 20044, application /apps/megauni/public (development)#default
[ 2015-03-21 23:39:17.2941 19991/7fc4c5c3b7c0 age/Hel/Main.cpp:724 ]: Disconnecting long-running connections for process 20051, application /apps/megauni/public (development)#default
[ 2015-03-21 23:39:17.2945 20001/7f4d182817c0 age/Log/Main.cpp:425 ]: PassengerAgent logger shutdown finished
App 20026 stderr: [ 2015-03-21 23:39:17.3020 20051/0x000000024bde60(HTTP helper worker) utils.rb:85 ]: *** Exception IOError (stream closed) (process 20051, thread 0x000000024bde60(HTTP helper worker)):
App 20026 stderr: 	from /progs/ruby/2.2.0/lib/ruby/gems/2.2.0/gems/passenger-5.0.4/lib/phusion_passenger/request_handler/thread_handler.rb:133:in `accept'
App 20026 stderr: 	from /progs/ruby/2.2.0/lib/ruby/gems/2.2.0/gems/passenger-5.0.4/lib/phusion_passenger/request_handler/thread_handler.rb:133:in `accept_and_process_next_request'
App 20026 stderr: 	from /progs/ruby/2.2.0/lib/ruby/gems/2.2.0/gems/passenger-5.0.4/lib/phusion_passenger/request_handler/thread_handler.rb:110:in `main_loop'
App 20026 stderr: 	from /progs/ruby/2.2.0/lib/ruby/gems/2.2.0/gems/passenger-5.0.4/lib/phusion_passenger/request_handler.rb:429:in `block (2 levels) in start_threads'
App 20026 stderr: 	from /progs/ruby/2.2.0/lib/ruby/gems/2.2.0/gems/passenger-5.0.4/lib/phusion_passenger/utils.rb:111:in `block in create_thread_and_abort_on_exception'
[ 2015-03-21 23:39:17.4164 19991/7fc4c5c3b7c0 age/Hel/Main.cpp:868 ]: PassengerAgent server shutdown finished
[ 2015-03-22 00:03:18.0111 21082/7fd4241147c0 age/Wat/Main.cpp:1257 ]: Starting PassengerAgent watchdog...
[ 2015-03-22 00:03:18.0302 21085/7fbc7922b7c0 age/Hel/Main.cpp:883 ]: Starting PassengerAgent server...
[ 2015-03-22 00:03:18.0304 21085/7fbc7922b7c0 age/Hel/Main.cpp:232 ]: PassengerAgent server running in multi-application mode.
[ 2015-03-22 00:03:18.0338 21085/7fbc7922b7c0 age/Hel/Main.cpp:637 ]: PassengerAgent server online, PID 21085
[ 2015-03-22 00:03:18.0542 21094/7f340c9357c0 age/Log/Main.cpp:431 ]: Starting PassengerAgent logger...
[ 2015-03-22 00:03:18.0549 21094/7f340c9357c0 age/Log/Main.cpp:312 ]: PassengerAgent logger online, PID 21094
App 21121 stdout: 
App 21121 stdout: 
[ 2015-03-22 00:03:21.8435 21085/7fbc70278700 App/Implementation.cpp:287 ]: Could not spawn process for application /apps/megauni: An error occured while starting up the preloader.
  Error ID: 35675291
  Error details saved to: /tmp/passenger-error-UskSda.html
  Message from application: No such file or directory @ rb_sysopen - config.ru (Errno::ENOENT)
  /progs/ruby/2.2.0/lib/ruby/gems/2.2.0/gems/passenger-5.0.4/helper-scripts/rack-preloader.rb:108:in `initialize'
  /progs/ruby/2.2.0/lib/ruby/gems/2.2.0/gems/passenger-5.0.4/helper-scripts/rack-preloader.rb:108:in `open'
  /progs/ruby/2.2.0/lib/ruby/gems/2.2.0/gems/passenger-5.0.4/helper-scripts/rack-preloader.rb:108:in `preload_app'
  /progs/ruby/2.2.0/lib/ruby/gems/2.2.0/gems/passenger-5.0.4/helper-scripts/rack-preloader.rb:157:in `<module:App>'
  /progs/ruby/2.2.0/lib/ruby/gems/2.2.0/gems/passenger-5.0.4/helper-scripts/rack-preloader.rb:29:in `<module:PhusionPassenger>'
  /progs/ruby/2.2.0/lib/ruby/gems/2.2.0/gems/passenger-5.0.4/helper-scripts/rack-preloader.rb:28:in `<main>'


[ 2015-03-22 00:03:21.8617 21085/7fbc722bd700 age/Hel/Req/CheckoutSession.cpp:252 ]: [Client 1-1] Cannot checkout session because a spawning error occurred. The identifier of the error is 35675291. Please see earlier logs for details about the error.
App 21137 stdout: 
App 21137 stdout: 
[ 2015-03-22 00:03:25.5621 21085/7fbc70278700 App/Implementation.cpp:287 ]: Could not spawn process for application /apps/megauni: An error occured while starting up the preloader.
  Error ID: 975706a0
  Error details saved to: /tmp/passenger-error-NtP9bb.html
  Message from application: No such file or directory @ rb_sysopen - config.ru (Errno::ENOENT)
  /progs/ruby/2.2.0/lib/ruby/gems/2.2.0/gems/passenger-5.0.4/helper-scripts/rack-preloader.rb:108:in `initialize'
  /progs/ruby/2.2.0/lib/ruby/gems/2.2.0/gems/passenger-5.0.4/helper-scripts/rack-preloader.rb:108:in `open'
  /progs/ruby/2.2.0/lib/ruby/gems/2.2.0/gems/passenger-5.0.4/helper-scripts/rack-preloader.rb:108:in `preload_app'
  /progs/ruby/2.2.0/lib/ruby/gems/2.2.0/gems/passenger-5.0.4/helper-scripts/rack-preloader.rb:157:in `<module:App>'
  /progs/ruby/2.2.0/lib/ruby/gems/2.2.0/gems/passenger-5.0.4/helper-scripts/rack-preloader.rb:29:in `<module:PhusionPassenger>'
  /progs/ruby/2.2.0/lib/ruby/gems/2.2.0/gems/passenger-5.0.4/helper-scripts/rack-preloader.rb:28:in `<main>'


[ 2015-03-22 00:03:25.5857 21085/7fbc71abc700 age/Hel/Req/CheckoutSession.cpp:252 ]: [Client 2-1] Cannot checkout session because a spawning error occurred. The identifier of the error is 975706a0. Please see earlier logs for details about the error.


[ 2015-03-22 00:03:55.9425 21094/7f340598c700 age/Log/Main.cpp:338 ]: Signal received. Gracefully shutting down... (send signal 2 more time(s) to force shutdown)
[ 2015-03-22 00:03:55.9425 21085/7fbc722bd700 age/Hel/Main.cpp:447 ]: Signal received. Gracefully shutting down... (send signal 2 more time(s) to force shutdown)
[ 2015-03-22 00:03:55.9427 21085/7fbc7922b7c0 age/Hel/Main.cpp:806 ]: Received command to shutdown gracefully. Waiting until all clients have disconnected...
[ 2015-03-22 00:03:55.9427 21094/7f340c9357c0 age/Log/Main.cpp:400 ]: Received command to shutdown gracefully. Waiting until all clients have disconnected...
[ 2015-03-22 00:03:55.9429 21085/7fbc722bd700 Ser/Server.h:453 ]: [ServerThr.1] Shutdown finished
[ 2015-03-22 00:03:55.9429 21085/7fbc71abc700 Ser/Server.h:453 ]: [ServerThr.2] Shutdown finished
[ 2015-03-22 00:03:55.9430 21094/7f340598c700 Ser/Server.h:453 ]: [LoggerAdminServer] Shutdown finished
[ 2015-03-22 00:03:55.9432 21085/7fbc53fff700 Ser/Server.h:453 ]: [AdminServer] Shutdown finished
[ 2015-03-22 00:03:55.9433 21085/7fbc70aba700 Ser/Server.h:453 ]: [ServerThr.4] Shutdown finished
[ 2015-03-22 00:03:55.9434 21085/7fbc712bb700 Ser/Server.h:453 ]: [ServerThr.3] Shutdown finished
[ 2015-03-22 00:03:55.9436 21094/7f340c9357c0 age/Log/Main.cpp:425 ]: PassengerAgent logger shutdown finished
[ 2015-03-22 00:03:55.9576 21085/7fbc7922b7c0 age/Hel/Main.cpp:868 ]: PassengerAgent server shutdown finished
[ 2015-03-22 00:03:59.8092 21173/7f99691bd7c0 age/Wat/Main.cpp:1257 ]: Starting PassengerAgent watchdog...
[ 2015-03-22 00:03:59.8289 21176/7fe4d35df7c0 age/Hel/Main.cpp:883 ]: Starting PassengerAgent server...
[ 2015-03-22 00:03:59.8290 21176/7fe4d35df7c0 age/Hel/Main.cpp:232 ]: PassengerAgent server running in multi-application mode.
[ 2015-03-22 00:03:59.8325 21176/7fe4d35df7c0 age/Hel/Main.cpp:637 ]: PassengerAgent server online, PID 21176
[ 2015-03-22 00:03:59.8541 21181/7faf4e9137c0 age/Log/Main.cpp:431 ]: Starting PassengerAgent logger...
[ 2015-03-22 00:03:59.8547 21181/7faf4e9137c0 age/Log/Main.cpp:312 ]: PassengerAgent logger online, PID 21181
App 21211 stdout: 
App 21211 stdout: 
[ 2015-03-22 00:04:03.5766 21176/7fe4cc630700 App/Implementation.cpp:287 ]: Could not spawn process for application /apps/megauni: An error occured while starting up the preloader.
  Error ID: 0c79223c
  Error details saved to: /tmp/passenger-error-zLGJ24.html
  Message from application: No such file or directory @ rb_sysopen - config/config.ru (Errno::ENOENT)
  /progs/ruby/2.2.0/lib/ruby/gems/2.2.0/gems/passenger-5.0.4/helper-scripts/rack-preloader.rb:108:in `initialize'
  /progs/ruby/2.2.0/lib/ruby/gems/2.2.0/gems/passenger-5.0.4/helper-scripts/rack-preloader.rb:108:in `open'
  /progs/ruby/2.2.0/lib/ruby/gems/2.2.0/gems/passenger-5.0.4/helper-scripts/rack-preloader.rb:108:in `preload_app'
  /progs/ruby/2.2.0/lib/ruby/gems/2.2.0/gems/passenger-5.0.4/helper-scripts/rack-preloader.rb:157:in `<module:App>'
  /progs/ruby/2.2.0/lib/ruby/gems/2.2.0/gems/passenger-5.0.4/helper-scripts/rack-preloader.rb:29:in `<module:PhusionPassenger>'
  /progs/ruby/2.2.0/lib/ruby/gems/2.2.0/gems/passenger-5.0.4/helper-scripts/rack-preloader.rb:28:in `<main>'


[ 2015-03-22 00:04:03.5939 21176/7fe4bffff700 age/Hel/Req/CheckoutSession.cpp:252 ]: [Client 1-1] Cannot checkout session because a spawning error occurred. The identifier of the error is 0c79223c. Please see earlier logs for details about the error.
[ 2015-03-22 00:04:03.5939 21176/7fe4bf7fe700 age/Hel/Req/CheckoutSession.cpp:252 ]: [Client 2-1] Cannot checkout session because a spawning error occurred. The identifier of the error is 0c79223c. Please see earlier logs for details about the error.
App 21233 stdout: 
App 21233 stdout: 
[ 2015-03-22 00:04:17.8225 21176/7fe4cc630700 App/Implementation.cpp:287 ]: Could not spawn process for application /apps/megauni: An error occured while starting up the preloader.
  Error ID: 581f8d5e
  Error details saved to: /tmp/passenger-error-PGE6qR.html
  Message from application: No such file or directory @ rb_sysopen - config/config.ru (Errno::ENOENT)
  /progs/ruby/2.2.0/lib/ruby/gems/2.2.0/gems/passenger-5.0.4/helper-scripts/rack-preloader.rb:108:in `initialize'
  /progs/ruby/2.2.0/lib/ruby/gems/2.2.0/gems/passenger-5.0.4/helper-scripts/rack-preloader.rb:108:in `open'
  /progs/ruby/2.2.0/lib/ruby/gems/2.2.0/gems/passenger-5.0.4/helper-scripts/rack-preloader.rb:108:in `preload_app'
  /progs/ruby/2.2.0/lib/ruby/gems/2.2.0/gems/passenger-5.0.4/helper-scripts/rack-preloader.rb:157:in `<module:App>'
  /progs/ruby/2.2.0/lib/ruby/gems/2.2.0/gems/passenger-5.0.4/helper-scripts/rack-preloader.rb:29:in `<module:PhusionPassenger>'
  /progs/ruby/2.2.0/lib/ruby/gems/2.2.0/gems/passenger-5.0.4/helper-scripts/rack-preloader.rb:28:in `<main>'


[ 2015-03-22 00:04:17.8398 21176/7fe4beffd700 age/Hel/Req/CheckoutSession.cpp:252 ]: [Client 3-1] Cannot checkout session because a spawning error occurred. The identifier of the error is 581f8d5e. Please see earlier logs for details about the error.


[ 2015-03-22 00:04:22.6534 21181/7faf4796a700 age/Log/Main.cpp:338 ]: Signal received. Gracefully shutting down... (send signal 2 more time(s) to force shutdown)
[ 2015-03-22 00:04:22.6534 21176/7fe4bffff700 age/Hel/Main.cpp:447 ]: Signal received. Gracefully shutting down... (send signal 2 more time(s) to force shutdown)
[ 2015-03-22 00:04:22.6536 21176/7fe4d35df7c0 age/Hel/Main.cpp:806 ]: Received command to shutdown gracefully. Waiting until all clients have disconnected...
[ 2015-03-22 00:04:22.6536 21181/7faf4e9137c0 age/Log/Main.cpp:400 ]: Received command to shutdown gracefully. Waiting until all clients have disconnected...
[ 2015-03-22 00:04:22.6538 21176/7fe4bffff700 Ser/Server.h:453 ]: [ServerThr.1] Shutdown finished
[ 2015-03-22 00:04:22.6538 21176/7fe4bf7fe700 Ser/Server.h:453 ]: [ServerThr.2] Shutdown finished
[ 2015-03-22 00:04:22.6539 21176/7fe4beffd700 Ser/Server.h:453 ]: [ServerThr.3] Shutdown finished
[ 2015-03-22 00:04:22.6539 21176/7fe4be7fc700 Ser/Server.h:453 ]: [ServerThr.4] Shutdown finished
[ 2015-03-22 00:04:22.6540 21181/7faf4796a700 Ser/Server.h:453 ]: [LoggerAdminServer] Shutdown finished
[ 2015-03-22 00:04:22.6543 21176/7fe4bdffb700 Ser/Server.h:453 ]: [AdminServer] Shutdown finished
[ 2015-03-22 00:04:22.6546 21181/7faf4e9137c0 age/Log/Main.cpp:425 ]: PassengerAgent logger shutdown finished
[ 2015-03-22 00:04:22.6584 21176/7fe4d35df7c0 age/Hel/Main.cpp:868 ]: PassengerAgent server shutdown finished
[ 2015-03-22 00:04:25.5796 21270/7fbedb6887c0 age/Wat/Main.cpp:1257 ]: Starting PassengerAgent watchdog...
[ 2015-03-22 00:04:25.6034 21273/7f57efa1b7c0 age/Hel/Main.cpp:883 ]: Starting PassengerAgent server...
[ 2015-03-22 00:04:25.6035 21273/7f57efa1b7c0 age/Hel/Main.cpp:232 ]: PassengerAgent server running in multi-application mode.
[ 2015-03-22 00:04:25.6073 21273/7f57efa1b7c0 age/Hel/Main.cpp:637 ]: PassengerAgent server online, PID 21273
[ 2015-03-22 00:04:25.6279 21279/7f01033267c0 age/Log/Main.cpp:431 ]: Starting PassengerAgent logger...
[ 2015-03-22 00:04:25.6286 21279/7f01033267c0 age/Log/Main.cpp:312 ]: PassengerAgent logger online, PID 21279
App 21308 stdout: 
App 21324 stdout: 
App 21308 stderr: 127.0.0.1 - - [22/Mar/2015:00:04:29 -0500] "HEAD / " 200 8 0.0005
App 21308 stderr: 127.0.0.1 - - [22/Mar/2015:00:04:34 -0500] "GET / " 200 8 0.0007
App 21308 stderr: 127.0.0.1 - - [22/Mar/2015:00:04:36 -0500] "GET / " 200 8 0.0006
App 21308 stderr: 127.0.0.1 - - [22/Mar/2015:00:04:38 -0500] "GET / " 200 8 0.0003

[ 2015-03-22 00:04:55.5518 21279/7f00f7fff700 age/Log/Main.cpp:338 ]: Signal received. Gracefully shutting down... (send signal 2 more time(s) to force shutdown)
[ 2015-03-22 00:04:55.5519 21279/7f01033267c0 age/Log/Main.cpp:400 ]: Received command to shutdown gracefully. Waiting until all clients have disconnected...

[ 2015-03-22 00:04:55.5520 21279/7f00f7fff700 Ser/Server.h:453 ]: [LoggerAdminServer] Shutdown finished
[ 2015-03-22 00:04:55.5520 21273/7f57e8aad700 age/Hel/Main.cpp:447 ]: Signal received. Gracefully shutting down... (send signal 2 more time(s) to force shutdown)
[ 2015-03-22 00:04:55.5521 21273/7f57efa1b7c0 age/Hel/Main.cpp:806 ]: Received command to shutdown gracefully. Waiting until all clients have disconnected...
[ 2015-03-22 00:04:55.5521 21273/7f57efa1b7c0 age/Hel/Main.cpp:724 ]: Disconnecting long-running connections for process 21324, application /apps/megauni/public (development)#default
[ 2015-03-22 00:04:55.5524 21273/7f57e8aad700 Ser/Server.h:453 ]: [ServerThr.1] Shutdown finished
[ 2015-03-22 00:04:55.5527 21273/7f57dbfff700 Ser/Server.h:453 ]: [ServerThr.2] Shutdown finished
[ 2015-03-22 00:04:55.5528 21273/7f57db7fe700 Ser/Server.h:453 ]: [ServerThr.3] Shutdown finished
[ 2015-03-22 00:04:55.5530 21279/7f01033267c0 age/Log/Main.cpp:425 ]: PassengerAgent logger shutdown finished
[ 2015-03-22 00:04:55.5539 21273/7f57daffd700 Ser/Server.h:453 ]: [ServerThr.4] Shutdown finished
[ 2015-03-22 00:04:55.5544 21273/7f57da7fc700 Ser/Server.h:453 ]: [AdminServer] Shutdown finished
[ 2015-03-22 00:04:55.5547 21273/7f57efa1b7c0 age/Hel/Main.cpp:724 ]: Disconnecting long-running connections for process 21324, application /apps/megauni/public (development)#default
[ 2015-03-22 00:04:55.6717 21273/7f57efa1b7c0 age/Hel/Main.cpp:868 ]: PassengerAgent server shutdown finished
[ 2015-03-22 00:04:56.8418 21363/7fd0f961f7c0 age/Wat/Main.cpp:1257 ]: Starting PassengerAgent watchdog...
[ 2015-03-22 00:04:56.8597 21366/7f56bd80c7c0 age/Hel/Main.cpp:883 ]: Starting PassengerAgent server...
[ 2015-03-22 00:04:56.8600 21366/7f56bd80c7c0 age/Hel/Main.cpp:232 ]: PassengerAgent server running in multi-application mode.
[ 2015-03-22 00:04:56.8645 21366/7f56bd80c7c0 age/Hel/Main.cpp:637 ]: PassengerAgent server online, PID 21366
[ 2015-03-22 00:04:56.8795 21376/7f65c24d17c0 age/Log/Main.cpp:431 ]: Starting PassengerAgent logger...
[ 2015-03-22 00:04:56.8801 21376/7f65c24d17c0 age/Log/Main.cpp:312 ]: PassengerAgent logger online, PID 21376
App 21401 stdout: 
App 21401 stdout: 
[ 2015-03-22 00:05:00.8379 21366/7f56b4058700 App/Implementation.cpp:287 ]: Could not spawn process for application /apps/megauni: An error occured while starting up the preloader.
  Error ID: aa30dcd1
  Error details saved to: /tmp/passenger-error-XLxi13.html
  Message from application: cannot load such file -- clogger (LoadError)
  /apps/megauni/megauni.rb:120:in `require'
  /apps/megauni/megauni.rb:120:in `<top (required)>'
  configs/config.ru:1:in `require'
  configs/config.ru:1:in `block in <main>'
  /progs/ruby/2.2.0/lib/ruby/gems/2.2.0/gems/rack-1.6.0/lib/rack/builder.rb:55:in `instance_eval'
  /progs/ruby/2.2.0/lib/ruby/gems/2.2.0/gems/rack-1.6.0/lib/rack/builder.rb:55:in `initialize'
  configs/config.ru:1:in `new'
  configs/config.ru:1:in `<main>'
  /progs/ruby/2.2.0/lib/ruby/gems/2.2.0/gems/passenger-5.0.4/helper-scripts/rack-preloader.rb:111:in `eval'
  /progs/ruby/2.2.0/lib/ruby/gems/2.2.0/gems/passenger-5.0.4/helper-scripts/rack-preloader.rb:111:in `preload_app'
  /progs/ruby/2.2.0/lib/ruby/gems/2.2.0/gems/passenger-5.0.4/helper-scripts/rack-preloader.rb:157:in `<module:App>'
  /progs/ruby/2.2.0/lib/ruby/gems/2.2.0/gems/passenger-5.0.4/helper-scripts/rack-preloader.rb:29:in `<module:PhusionPassenger>'
  /progs/ruby/2.2.0/lib/ruby/gems/2.2.0/gems/passenger-5.0.4/helper-scripts/rack-preloader.rb:28:in `<main>'


[ 2015-03-22 00:05:00.8566 21366/7f56b609d700 age/Hel/Req/CheckoutSession.cpp:252 ]: [Client 2-1] Cannot checkout session because a spawning error occurred. The identifier of the error is aa30dcd1. Please see earlier logs for details about the error.
[ 2015-03-22 00:05:00.8566 21366/7f56b689e700 age/Hel/Req/CheckoutSession.cpp:252 ]: [Client 1-1] Cannot checkout session because a spawning error occurred. The identifier of the error is aa30dcd1. Please see earlier logs for details about the error.


[ 2015-03-22 00:05:27.9328 21366/7f56b689e700 age/Hel/Main.cpp:447 ]: Signal received. Gracefully shutting down... (send signal 2 more time(s) to force shutdown)
[ 2015-03-22 00:05:27.9328 21376/7f65bb528700 age/Log/Main.cpp:338 ]: Signal received. Gracefully shutting down... (send signal 2 more time(s) to force shutdown)
[ 2015-03-22 00:05:27.9330 21366/7f56bd80c7c0 age/Hel/Main.cpp:806 ]: Received command to shutdown gracefully. Waiting until all clients have disconnected...
[ 2015-03-22 00:05:27.9330 21376/7f65c24d17c0 age/Log/Main.cpp:400 ]: Received command to shutdown gracefully. Waiting until all clients have disconnected...
[ 2015-03-22 00:05:27.9332 21366/7f56b689e700 Ser/Server.h:453 ]: [ServerThr.1] Shutdown finished
[ 2015-03-22 00:05:27.9332 21366/7f56b609d700 Ser/Server.h:453 ]: [ServerThr.2] Shutdown finished
[ 2015-03-22 00:05:27.9333 21366/7f56b589c700 Ser/Server.h:453 ]: [ServerThr.3] Shutdown finished
[ 2015-03-22 00:05:27.9334 21376/7f65bb528700 Ser/Server.h:453 ]: [LoggerAdminServer] Shutdown finished
[ 2015-03-22 00:05:27.9334 21366/7f56b509b700 Ser/Server.h:453 ]: [ServerThr.4] Shutdown finished
[ 2015-03-22 00:05:27.9337 21376/7f65c24d17c0 age/Log/Main.cpp:425 ]: PassengerAgent logger shutdown finished
[ 2015-03-22 00:05:27.9346 21366/7f56b489a700 Ser/Server.h:453 ]: [AdminServer] Shutdown finished
[ 2015-03-22 00:05:27.9475 21366/7f56bd80c7c0 age/Hel/Main.cpp:868 ]: PassengerAgent server shutdown finished
[ 2015-03-22 00:06:16.1930 21530/7f78d1f937c0 age/Wat/Main.cpp:1257 ]: Starting PassengerAgent watchdog...
[ 2015-03-22 00:06:16.2129 21533/7fb5f42107c0 age/Hel/Main.cpp:883 ]: Starting PassengerAgent server...
[ 2015-03-22 00:06:16.2132 21533/7fb5f42107c0 age/Hel/Main.cpp:232 ]: PassengerAgent server running in multi-application mode.
[ 2015-03-22 00:06:16.2174 21533/7fb5f42107c0 age/Hel/Main.cpp:637 ]: PassengerAgent server online, PID 21533
[ 2015-03-22 00:06:16.2398 21540/7fe4cf9887c0 age/Log/Main.cpp:431 ]: Starting PassengerAgent logger...
[ 2015-03-22 00:06:16.2405 21540/7fe4cf9887c0 age/Log/Main.cpp:312 ]: PassengerAgent logger online, PID 21540
App 21568 stdout: 
App 21568 stdout: 
[ 2015-03-22 00:06:20.2504 21533/7fb5ec25f700 App/Implementation.cpp:287 ]: Could not spawn process for application /apps/megauni: An error occured while starting up the preloader.
  Error ID: 0c1ebebc
  Error details saved to: /tmp/passenger-error-L2LiOc.html
  Message from application: cannot load such file -- clogger (LoadError)
  /apps/megauni/megauni.rb:120:in `require'
  /apps/megauni/megauni.rb:120:in `<top (required)>'
  configs/config.ru:1:in `require'
  configs/config.ru:1:in `block in <main>'
  /progs/ruby/2.2.0/lib/ruby/gems/2.2.0/gems/rack-1.6.0/lib/rack/builder.rb:55:in `instance_eval'
  /progs/ruby/2.2.0/lib/ruby/gems/2.2.0/gems/rack-1.6.0/lib/rack/builder.rb:55:in `initialize'
  configs/config.ru:1:in `new'
  configs/config.ru:1:in `<main>'
  /progs/ruby/2.2.0/lib/ruby/gems/2.2.0/gems/passenger-5.0.4/helper-scripts/rack-preloader.rb:111:in `eval'
  /progs/ruby/2.2.0/lib/ruby/gems/2.2.0/gems/passenger-5.0.4/helper-scripts/rack-preloader.rb:111:in `preload_app'
  /progs/ruby/2.2.0/lib/ruby/gems/2.2.0/gems/passenger-5.0.4/helper-scripts/rack-preloader.rb:157:in `<module:App>'
  /progs/ruby/2.2.0/lib/ruby/gems/2.2.0/gems/passenger-5.0.4/helper-scripts/rack-preloader.rb:29:in `<module:PhusionPassenger>'
  /progs/ruby/2.2.0/lib/ruby/gems/2.2.0/gems/passenger-5.0.4/helper-scripts/rack-preloader.rb:28:in `<main>'


[ 2015-03-22 00:06:20.2689 21533/7fb5ed2a2700 age/Hel/Req/CheckoutSession.cpp:252 ]: [Client 1-1] Cannot checkout session because a spawning error occurred. The identifier of the error is 0c1ebebc. Please see earlier logs for details about the error.
App 21585 stdout: 
App 21585 stdout: 
[ 2015-03-22 00:06:28.2280 21533/7fb5ec25f700 App/Implementation.cpp:287 ]: Could not spawn process for application /apps/megauni: An error occured while starting up the preloader.
  Error ID: ef181241
  Error details saved to: /tmp/passenger-error-t3Pfgn.html
  Message from application: cannot load such file -- clogger (LoadError)
  /apps/megauni/megauni.rb:120:in `require'
  /apps/megauni/megauni.rb:120:in `<top (required)>'
  configs/config.ru:1:in `require'
  configs/config.ru:1:in `block in <main>'
  /progs/ruby/2.2.0/lib/ruby/gems/2.2.0/gems/rack-1.6.0/lib/rack/builder.rb:55:in `instance_eval'
  /progs/ruby/2.2.0/lib/ruby/gems/2.2.0/gems/rack-1.6.0/lib/rack/builder.rb:55:in `initialize'
  configs/config.ru:1:in `new'
  configs/config.ru:1:in `<main>'
  /progs/ruby/2.2.0/lib/ruby/gems/2.2.0/gems/passenger-5.0.4/helper-scripts/rack-preloader.rb:111:in `eval'
  /progs/ruby/2.2.0/lib/ruby/gems/2.2.0/gems/passenger-5.0.4/helper-scripts/rack-preloader.rb:111:in `preload_app'
  /progs/ruby/2.2.0/lib/ruby/gems/2.2.0/gems/passenger-5.0.4/helper-scripts/rack-preloader.rb:157:in `<module:App>'
  /progs/ruby/2.2.0/lib/ruby/gems/2.2.0/gems/passenger-5.0.4/helper-scripts/rack-preloader.rb:29:in `<module:PhusionPassenger>'
  /progs/ruby/2.2.0/lib/ruby/gems/2.2.0/gems/passenger-5.0.4/helper-scripts/rack-preloader.rb:28:in `<main>'


[ 2015-03-22 00:06:28.2464 21533/7fb5ecaa1700 age/Hel/Req/CheckoutSession.cpp:252 ]: [Client 2-1] Cannot checkout session because a spawning error occurred. The identifier of the error is ef181241. Please see earlier logs for details about the error.
App 21601 stdout: 
App 21619 stdout: 

[ 2015-03-22 00:07:13.5241 21533/7fb5ed2a2700 age/Hel/Main.cpp:447 ]: Signal received. Gracefully shutting down... (send signal 2 more time(s) to force shutdown)
[ 2015-03-22 00:07:13.5243 21533/7fb5f42107c0 age/Hel/Main.cpp:806 ]: Received command to shutdown gracefully. Waiting until all clients have disconnected...
[ 2015-03-22 00:07:13.5244 21533/7fb5f42107c0 age/Hel/Main.cpp:724 ]: Disconnecting long-running connections for process 21619, application /apps/megauni/public (development)#default
[ 2015-03-22 00:07:13.5248 21533/7fb5ecaa1700 Ser/Server.h:453 ]: [ServerThr.2] Shutdown finished
[ 2015-03-22 00:07:13.5250 21533/7fb5d77fe700 Ser/Server.h:453 ]: [ServerThr.4] Shutdown finished
[ 2015-03-22 00:07:13.5250 21533/7fb5d7fff700 Ser/Server.h:453 ]: [ServerThr.3] Shutdown finished
[ 2015-03-22 00:07:13.5254 21533/7fb5ed2a2700 Ser/Server.h:453 ]: [ServerThr.1] Shutdown finished
[ 2015-03-22 00:07:13.5257 21533/7fb5d6ffd700 Ser/Server.h:453 ]: [AdminServer] Shutdown finished
[ 2015-03-22 00:07:13.5260 21533/7fb5f42107c0 age/Hel/Main.cpp:724 ]: Disconnecting long-running connections for process 21619, application /apps/megauni/public (development)#default

[ 2015-03-22 00:07:13.5279 21540/7fe4c89df700 age/Log/Main.cpp:338 ]: Signal received. Gracefully shutting down... (send signal 2 more time(s) to force shutdown)
[ 2015-03-22 00:07:13.5281 21540/7fe4cf9887c0 age/Log/Main.cpp:400 ]: Received command to shutdown gracefully. Waiting until all clients have disconnected...
[ 2015-03-22 00:07:13.5284 21540/7fe4c89df700 Ser/Server.h:453 ]: [LoggerAdminServer] Shutdown finished
[ 2015-03-22 00:07:13.5288 21540/7fe4cf9887c0 age/Log/Main.cpp:425 ]: PassengerAgent logger shutdown finished
[ 2015-03-22 00:07:13.6482 21533/7fb5f42107c0 age/Hel/Main.cpp:868 ]: PassengerAgent server shutdown finished
[ 2015-03-22 00:07:14.6758 21659/7f28b6d4d7c0 age/Wat/Main.cpp:1257 ]: Starting PassengerAgent watchdog...
[ 2015-03-22 00:07:14.6934 21662/7f8e2c4117c0 age/Hel/Main.cpp:883 ]: Starting PassengerAgent server...
[ 2015-03-22 00:07:14.6936 21662/7f8e2c4117c0 age/Hel/Main.cpp:232 ]: PassengerAgent server running in multi-application mode.
[ 2015-03-22 00:07:14.6976 21662/7f8e2c4117c0 age/Hel/Main.cpp:637 ]: PassengerAgent server online, PID 21662
[ 2015-03-22 00:07:14.7128 21669/7fdb9836c7c0 age/Log/Main.cpp:431 ]: Starting PassengerAgent logger...
[ 2015-03-22 00:07:14.7134 21669/7fdb9836c7c0 age/Log/Main.cpp:312 ]: PassengerAgent logger online, PID 21669
App 21697 stdout: 
App 21716 stdout: 
App 21723 stdout: 
App 21697 stderr: 127.0.0.1 - - [22/Mar/2015:00:07:19 -0500] "HEAD / " 500 - 0.0083
App 21697 stderr: 127.0.0.1 - - [22/Mar/2015:00:07:19 -0500] "GET / " 200 213 0.0107
App 21697 stderr: 127.0.0.1 - - [22/Mar/2015:00:07:21 -0500] "GET / " 200 213 0.0084
App 21697 stderr: 127.0.0.1 - - [22/Mar/2015:00:07:22 -0500] "GET / " 200 213 0.0076
App 21697 stderr: 127.0.0.1 - - [22/Mar/2015:00:07:22 -0500] "GET / " 200 213 0.0087
App 21697 stderr: 127.0.0.1 - - [22/Mar/2015:00:07:23 -0500] "GET / " 200 213 0.0073

[ 2015-03-22 00:07:31.0604 21662/7f8e254a7700 age/Hel/Main.cpp:447 ]: Signal received. Gracefully shutting down... (send signal 2 more time(s) to force shutdown)
[ 2015-03-22 00:07:31.0605 21662/7f8e2c4117c0 age/Hel/Main.cpp:806 ]: Received command to shutdown gracefully. Waiting until all clients have disconnected...
[ 2015-03-22 00:07:31.0607 21662/7f8e2c4117c0 age/Hel/Main.cpp:724 ]: Disconnecting long-running connections for process 21716, application /apps/megauni/public (development)#default
[ 2015-03-22 00:07:31.0609 21662/7f8e2c4117c0 age/Hel/Main.cpp:724 ]: Disconnecting long-running connections for process 21723, application /apps/megauni/public (development)#default
[ 2015-03-22 00:07:31.0612 21662/7f8e0f7fe700 Ser/Server.h:453 ]: [ServerThr.4] Shutdown finished
[ 2015-03-22 00:07:31.0613 21662/7f8e254a7700 Ser/Server.h:453 ]: [ServerThr.1] Shutdown finished

[ 2015-03-22 00:07:31.0636 21669/7fdb913c3700 age/Log/Main.cpp:338 ]: Signal received. Gracefully shutting down... (send signal 2 more time(s) to force shutdown)
[ 2015-03-22 00:07:31.0640 21669/7fdb9836c7c0 age/Log/Main.cpp:400 ]: Received command to shutdown gracefully. Waiting until all clients have disconnected...
[ 2015-03-22 00:07:31.0643 21669/7fdb913c3700 Ser/Server.h:453 ]: [LoggerAdminServer] Shutdown finished
[ 2015-03-22 00:07:31.0648 21669/7fdb9836c7c0 age/Log/Main.cpp:425 ]: PassengerAgent logger shutdown finished
[ 2015-03-22 00:07:31.0648 21662/7f8e0ffff700 Ser/Server.h:453 ]: [ServerThr.3] Shutdown finished
[ 2015-03-22 00:07:31.0650 21662/7f8e24ca6700 Ser/Server.h:453 ]: [ServerThr.2] Shutdown finished
[ 2015-03-22 00:07:31.0705 21662/7f8e0effd700 Ser/Server.h:453 ]: [AdminServer] Shutdown finished
[ 2015-03-22 00:07:31.0710 21662/7f8e2c4117c0 age/Hel/Main.cpp:724 ]: Disconnecting long-running connections for process 21716, application /apps/megauni/public (development)#default
[ 2015-03-22 00:07:31.0712 21662/7f8e2c4117c0 age/Hel/Main.cpp:724 ]: Disconnecting long-running connections for process 21723, application /apps/megauni/public (development)#default
[ 2015-03-22 00:07:31.1925 21662/7f8e2c4117c0 age/Hel/Main.cpp:868 ]: PassengerAgent server shutdown finished
[ 2015-03-22 00:07:32.3168 21755/7f591ed257c0 age/Wat/Main.cpp:1257 ]: Starting PassengerAgent watchdog...
[ 2015-03-22 00:07:32.3336 21758/7f5cb5ab87c0 age/Hel/Main.cpp:883 ]: Starting PassengerAgent server...
[ 2015-03-22 00:07:32.3338 21758/7f5cb5ab87c0 age/Hel/Main.cpp:232 ]: PassengerAgent server running in multi-application mode.
[ 2015-03-22 00:07:32.3376 21758/7f5cb5ab87c0 age/Hel/Main.cpp:637 ]: PassengerAgent server online, PID 21758
[ 2015-03-22 00:07:32.3540 21768/7f4953c6a7c0 age/Log/Main.cpp:431 ]: Starting PassengerAgent logger...
[ 2015-03-22 00:07:32.3547 21768/7f4953c6a7c0 age/Log/Main.cpp:312 ]: PassengerAgent logger online, PID 21768
App 21793 stdout: 
App 21811 stdout: 
App 21818 stdout: 
App 21793 stderr: 127.0.0.1 - - [22/Mar/2015:00:07:37 -0500] "HEAD / " 500 - 0.0088
App 21793 stderr: 127.0.0.1 - - [22/Mar/2015:00:07:37 -0500] "GET / " 200 213 0.0106
App 21793 stderr: 127.0.0.1 - - [22/Mar/2015:00:07:40 -0500] "GET / " 200 213 0.0084
App 21793 stderr: 127.0.0.1 - - [22/Mar/2015:00:07:41 -0500] "GET / " 200 213 0.0079
App 21793 stderr: 127.0.0.1 - - [22/Mar/2015:00:07:41 -0500] "GET / " 200 213 0.0174
App 21793 stderr: 127.0.0.1 - - [22/Mar/2015:00:07:42 -0500] "GET / " 200 213 0.0088
App 21793 stderr: 127.0.0.1 - - [22/Mar/2015:00:07:43 -0500] "GET / " 200 213 0.0078

[ 2015-03-22 00:08:07.5403 21758/7f5caeb4a700 age/Hel/Main.cpp:447 ]: Signal received. Gracefully shutting down... (send signal 2 more time(s) to force shutdown)

[ 2015-03-22 00:08:07.5405 21758/7f5cb5ab87c0 age/Hel/Main.cpp:806 ]: Received command to shutdown gracefully. Waiting until all clients have disconnected...
[ 2015-03-22 00:08:07.5406 21768/7f494ccc1700 age/Log/Main.cpp:338 ]: Signal received. Gracefully shutting down... (send signal 2 more time(s) to force shutdown)
[ 2015-03-22 00:08:07.5406 21758/7f5cb5ab87c0 age/Hel/Main.cpp:724 ]: Disconnecting long-running connections for process 21811, application /apps/megauni/public (development)#default
[ 2015-03-22 00:08:07.5407 21768/7f4953c6a7c0 age/Log/Main.cpp:400 ]: Received command to shutdown gracefully. Waiting until all clients have disconnected...
[ 2015-03-22 00:08:07.5409 21758/7f5cb5ab87c0 age/Hel/Main.cpp:724 ]: Disconnecting long-running connections for process 21818, application /apps/megauni/public (development)#default
[ 2015-03-22 00:08:07.5411 21758/7f5cadb48700 Ser/Server.h:453 ]: [ServerThr.3] Shutdown finished
[ 2015-03-22 00:08:07.5413 21768/7f494ccc1700 Ser/Server.h:453 ]: [LoggerAdminServer] Shutdown finished
[ 2015-03-22 00:08:07.5415 21758/7f5caeb4a700 Ser/Server.h:453 ]: [ServerThr.1] Shutdown finished
[ 2015-03-22 00:08:07.5419 21768/7f4953c6a7c0 age/Log/Main.cpp:425 ]: PassengerAgent logger shutdown finished
[ 2015-03-22 00:08:07.5424 21758/7f5cacb46700 Ser/Server.h:453 ]: [AdminServer] Shutdown finished
[ 2015-03-22 00:08:07.5424 21758/7f5cae349700 Ser/Server.h:453 ]: [ServerThr.2] Shutdown finished
[ 2015-03-22 00:08:07.5424 21758/7f5cad347700 Ser/Server.h:453 ]: [ServerThr.4] Shutdown finished
[ 2015-03-22 00:08:07.5428 21758/7f5cb5ab87c0 age/Hel/Main.cpp:724 ]: Disconnecting long-running connections for process 21811, application /apps/megauni/public (development)#default
[ 2015-03-22 00:08:07.5430 21758/7f5cb5ab87c0 age/Hel/Main.cpp:724 ]: Disconnecting long-running connections for process 21818, application /apps/megauni/public (development)#default
[ 2015-03-22 00:08:07.6687 21758/7f5cb5ab87c0 age/Hel/Main.cpp:868 ]: PassengerAgent server shutdown finished
[ 2015-03-22 00:08:09.7728 21864/7f81049217c0 age/Wat/Main.cpp:1257 ]: Starting PassengerAgent watchdog...
[ 2015-03-22 00:08:09.7952 21867/7f3a124b07c0 age/Hel/Main.cpp:883 ]: Starting PassengerAgent server...
[ 2015-03-22 00:08:09.7956 21867/7f3a124b07c0 age/Hel/Main.cpp:232 ]: PassengerAgent server running in multi-application mode.
[ 2015-03-22 00:08:09.8011 21867/7f3a124b07c0 age/Hel/Main.cpp:637 ]: PassengerAgent server online, PID 21867
[ 2015-03-22 00:08:09.8163 21878/7f389a75a7c0 age/Log/Main.cpp:431 ]: Starting PassengerAgent logger...
[ 2015-03-22 00:08:09.8169 21878/7f389a75a7c0 age/Log/Main.cpp:312 ]: PassengerAgent logger online, PID 21878
App 21902 stdout: 
App 21921 stdout: 


[ 2015-03-22 00:08:33.9640 21867/7f3a0b542700 age/Hel/Main.cpp:447 ]: Signal received. Gracefully shutting down... (send signal 2 more time(s) to force shutdown)
[ 2015-03-22 00:08:33.9640 21878/7f38937b1700 age/Log/Main.cpp:338 ]: Signal received. Gracefully shutting down... (send signal 2 more time(s) to force shutdown)
[ 2015-03-22 00:08:33.9641 21878/7f389a75a7c0 age/Log/Main.cpp:400 ]: Received command to shutdown gracefully. Waiting until all clients have disconnected...
[ 2015-03-22 00:08:33.9641 21867/7f3a124b07c0 age/Hel/Main.cpp:806 ]: Received command to shutdown gracefully. Waiting until all clients have disconnected...
[ 2015-03-22 00:08:33.9642 21867/7f3a124b07c0 age/Hel/Main.cpp:724 ]: Disconnecting long-running connections for process 21921, application /apps/megauni/public (development)#default
[ 2015-03-22 00:08:33.9642 21878/7f38937b1700 Ser/Server.h:453 ]: [LoggerAdminServer] Shutdown finished
[ 2015-03-22 00:08:33.9643 21867/7f3a09d3f700 Ser/Server.h:453 ]: [ServerThr.4] Shutdown finished
[ 2015-03-22 00:08:33.9643 21878/7f389a75a7c0 age/Log/Main.cpp:425 ]: PassengerAgent logger shutdown finished
[ 2015-03-22 00:08:33.9644 21867/7f3a0b542700 Ser/Server.h:453 ]: [ServerThr.1] Shutdown finished
[ 2015-03-22 00:08:33.9647 21867/7f3a0ad41700 Ser/Server.h:453 ]: [ServerThr.2] Shutdown finished
[ 2015-03-22 00:08:33.9647 21867/7f3a0a540700 Ser/Server.h:453 ]: [ServerThr.3] Shutdown finished
[ 2015-03-22 00:08:33.9648 21867/7f3a0953e700 Ser/Server.h:453 ]: [AdminServer] Shutdown finished
[ 2015-03-22 00:08:33.9650 21867/7f3a124b07c0 age/Hel/Main.cpp:724 ]: Disconnecting long-running connections for process 21921, application /apps/megauni/public (development)#default
[ 2015-03-22 00:08:34.0807 21867/7f3a124b07c0 age/Hel/Main.cpp:868 ]: PassengerAgent server shutdown finished
[ 2015-03-22 00:08:35.6019 21959/7fc6c74db7c0 age/Wat/Main.cpp:1257 ]: Starting PassengerAgent watchdog...
[ 2015-03-22 00:08:35.6237 21962/7f899c03a7c0 age/Hel/Main.cpp:883 ]: Starting PassengerAgent server...
[ 2015-03-22 00:08:35.6239 21962/7f899c03a7c0 age/Hel/Main.cpp:232 ]: PassengerAgent server running in multi-application mode.
[ 2015-03-22 00:08:35.6274 21962/7f899c03a7c0 age/Hel/Main.cpp:637 ]: PassengerAgent server online, PID 21962
[ 2015-03-22 00:08:35.6424 21969/7f702bf907c0 age/Log/Main.cpp:431 ]: Starting PassengerAgent logger...
[ 2015-03-22 00:08:35.6430 21969/7f702bf907c0 age/Log/Main.cpp:312 ]: PassengerAgent logger online, PID 21969
App 21997 stdout: 
App 22015 stdout: 
App 22022 stdout: 
App 21997 stderr: 127.0.0.1 - - [22/Mar/2015:00:08:40 -0500] "HEAD / " 500 - 0.0154
App 21997 stderr: 127.0.0.1 - - [22/Mar/2015:00:08:40 -0500] "GET / " 200 213 0.0110
App 21997 stderr: 127.0.0.1 - - [22/Mar/2015:00:08:42 -0500] "GET / " 200 213 0.0097
App 21997 stderr: 127.0.0.1 - - [22/Mar/2015:00:08:43 -0500] "GET / " 200 213 0.0086

[ 2015-03-22 00:08:50.6270 21962/7f89950cc700 age/Hel/Main.cpp:447 ]: Signal received. Gracefully shutting down... (send signal 2 more time(s) to force shutdown)
[ 2015-03-22 00:08:50.6272 21962/7f899c03a7c0 age/Hel/Main.cpp:806 ]: Received command to shutdown gracefully. Waiting until all clients have disconnected...
[ 2015-03-22 00:08:50.6273 21962/7f899c03a7c0 age/Hel/Main.cpp:724 ]: Disconnecting long-running connections for process 22015, application /apps/megauni/public (development)#default
[ 2015-03-22 00:08:50.6276 21962/7f899c03a7c0 age/Hel/Main.cpp:724 ]: Disconnecting long-running connections for process 22022, application /apps/megauni/public (development)#default
[ 2015-03-22 00:08:50.6278 21962/7f89950cc700 Ser/Server.h:453 ]: [ServerThr.1] Shutdown finished
[ 2015-03-22 00:08:50.6279 21962/7f89948cb700 Ser/Server.h:453 ]: [ServerThr.2] Shutdown finished
[ 2015-03-22 00:08:50.6279 21962/7f897f7fe700 Ser/Server.h:453 ]: [ServerThr.4] Shutdown finished
[ 2015-03-22 00:08:50.6281 21962/7f897ffff700 Ser/Server.h:453 ]: [ServerThr.3] Shutdown finished
[ 2015-03-22 00:08:50.6306 21962/7f897effd700 Ser/Server.h:453 ]: [AdminServer] Shutdown finished
[ 2015-03-22 00:08:50.6311 21962/7f899c03a7c0 age/Hel/Main.cpp:724 ]: Disconnecting long-running connections for process 22015, application /apps/megauni/public (development)#default
[ 2015-03-22 00:08:50.6313 21962/7f899c03a7c0 age/Hel/Main.cpp:724 ]: Disconnecting long-running connections for process 22022, application /apps/megauni/public (development)#default

[ 2015-03-22 00:08:50.6427 21969/7f7024fe7700 age/Log/Main.cpp:338 ]: Signal received. Gracefully shutting down... (send signal 2 more time(s) to force shutdown)
[ 2015-03-22 00:08:50.6429 21969/7f702bf907c0 age/Log/Main.cpp:400 ]: Received command to shutdown gracefully. Waiting until all clients have disconnected...
[ 2015-03-22 00:08:50.6432 21969/7f7024fe7700 Ser/Server.h:453 ]: [LoggerAdminServer] Shutdown finished
[ 2015-03-22 00:08:50.6436 21969/7f702bf907c0 age/Log/Main.cpp:425 ]: PassengerAgent logger shutdown finished
[ 2015-03-22 00:08:50.7501 21962/7f899c03a7c0 age/Hel/Main.cpp:868 ]: PassengerAgent server shutdown finished
[ 2015-03-22 00:08:52.1338 22054/7f22e19ab7c0 age/Wat/Main.cpp:1257 ]: Starting PassengerAgent watchdog...
[ 2015-03-22 00:08:52.1471 22057/7f27754a17c0 age/Hel/Main.cpp:883 ]: Starting PassengerAgent server...
[ 2015-03-22 00:08:52.1472 22057/7f27754a17c0 age/Hel/Main.cpp:232 ]: PassengerAgent server running in multi-application mode.
[ 2015-03-22 00:08:52.1507 22057/7f27754a17c0 age/Hel/Main.cpp:637 ]: PassengerAgent server online, PID 22057
[ 2015-03-22 00:08:52.1658 22066/7f24659f27c0 age/Log/Main.cpp:431 ]: Starting PassengerAgent logger...
[ 2015-03-22 00:08:52.1666 22066/7f24659f27c0 age/Log/Main.cpp:312 ]: PassengerAgent logger online, PID 22066
App 22092 stdout: 
App 22110 stdout: 
App 22092 stderr: 127.0.0.1 - - [22/Mar/2015:00:08:57 -0500] "HEAD / " 500 - 0.0078
App 22092 stderr: 127.0.0.1 - - [22/Mar/2015:00:08:58 -0500] "GET / " 200 213 0.0109


[ 2015-03-22 00:09:06.5216 22066/7f245ea49700 age/Log/Main.cpp:338 ]: Signal received. Gracefully shutting down... (send signal 2 more time(s) to force shutdown)
[ 2015-03-22 00:09:06.5217 22057/7f276e533700 age/Hel/Main.cpp:447 ]: Signal received. Gracefully shutting down... (send signal 2 more time(s) to force shutdown)
[ 2015-03-22 00:09:06.5218 22066/7f24659f27c0 age/Log/Main.cpp:400 ]: Received command to shutdown gracefully. Waiting until all clients have disconnected...
[ 2015-03-22 00:09:06.5219 22066/7f245ea49700 Ser/Server.h:453 ]: [LoggerAdminServer] Shutdown finished
[ 2015-03-22 00:09:06.5220 22057/7f27754a17c0 age/Hel/Main.cpp:806 ]: Received command to shutdown gracefully. Waiting until all clients have disconnected...
[ 2015-03-22 00:09:06.5221 22057/7f27754a17c0 age/Hel/Main.cpp:724 ]: Disconnecting long-running connections for process 22110, application /apps/megauni/public (development)#default
[ 2015-03-22 00:09:06.5224 22066/7f24659f27c0 age/Log/Main.cpp:425 ]: PassengerAgent logger shutdown finished
[ 2015-03-22 00:09:06.5226 22057/7f276dd32700 Ser/Server.h:453 ]: [ServerThr.2] Shutdown finished
[ 2015-03-22 00:09:06.5229 22057/7f276e533700 Ser/Server.h:453 ]: [ServerThr.1] Shutdown finished
[ 2015-03-22 00:09:06.5236 22057/7f276d531700 Ser/Server.h:453 ]: [ServerThr.3] Shutdown finished
[ 2015-03-22 00:09:06.5242 22057/7f276cd30700 Ser/Server.h:453 ]: [ServerThr.4] Shutdown finished
[ 2015-03-22 00:09:06.5267 22057/7f274ffff700 Ser/Server.h:453 ]: [AdminServer] Shutdown finished
[ 2015-03-22 00:09:06.5272 22057/7f27754a17c0 age/Hel/Main.cpp:724 ]: Disconnecting long-running connections for process 22110, application /apps/megauni/public (development)#default
[ 2015-03-22 00:09:06.6409 22057/7f27754a17c0 age/Hel/Main.cpp:868 ]: PassengerAgent server shutdown finished
[ 2015-03-22 00:09:08.7750 22142/7f2ecdfc17c0 age/Wat/Main.cpp:1257 ]: Starting PassengerAgent watchdog...
[ 2015-03-22 00:09:08.7900 22145/7fc8d46437c0 age/Hel/Main.cpp:883 ]: Starting PassengerAgent server...
[ 2015-03-22 00:09:08.7903 22145/7fc8d46437c0 age/Hel/Main.cpp:232 ]: PassengerAgent server running in multi-application mode.
[ 2015-03-22 00:09:08.7937 22145/7fc8d46437c0 age/Hel/Main.cpp:637 ]: PassengerAgent server online, PID 22145
[ 2015-03-22 00:09:08.8090 22152/7f1ef097b7c0 age/Log/Main.cpp:431 ]: Starting PassengerAgent logger...
[ 2015-03-22 00:09:08.8096 22152/7f1ef097b7c0 age/Log/Main.cpp:312 ]: PassengerAgent logger online, PID 22152
App 22180 stdout: 
App 22198 stdout: 


[ 2015-03-22 00:09:38.5560 22145/7fc8cd6d5700 age/Hel/Main.cpp:447 ]: Signal received. Gracefully shutting down... (send signal 2 more time(s) to force shutdown)
[ 2015-03-22 00:09:38.5560 22152/7f1ee99d2700 age/Log/Main.cpp:338 ]: Signal received. Gracefully shutting down... (send signal 2 more time(s) to force shutdown)
[ 2015-03-22 00:09:38.5562 22152/7f1ef097b7c0 age/Log/Main.cpp:400 ]: Received command to shutdown gracefully. Waiting until all clients have disconnected...
[ 2015-03-22 00:09:38.5562 22145/7fc8d46437c0 age/Hel/Main.cpp:806 ]: Received command to shutdown gracefully. Waiting until all clients have disconnected...
[ 2015-03-22 00:09:38.5563 22145/7fc8d46437c0 age/Hel/Main.cpp:724 ]: Disconnecting long-running connections for process 22198, application /apps/megauni/public (development)#default
[ 2015-03-22 00:09:38.5564 22152/7f1ee99d2700 Ser/Server.h:453 ]: [LoggerAdminServer] Shutdown finished
[ 2015-03-22 00:09:38.5566 22145/7fc8cced4700 Ser/Server.h:453 ]: [ServerThr.2] Shutdown finished
[ 2015-03-22 00:09:38.5567 22145/7fc8b7fff700 Ser/Server.h:453 ]: [ServerThr.3] Shutdown finished
[ 2015-03-22 00:09:38.5569 22145/7fc8b77fe700 Ser/Server.h:453 ]: [ServerThr.4] Shutdown finished
[ 2015-03-22 00:09:38.5569 22145/7fc8cd6d5700 Ser/Server.h:453 ]: [ServerThr.1] Shutdown finished
[ 2015-03-22 00:09:38.5570 22145/7fc8b6ffd700 Ser/Server.h:453 ]: [AdminServer] Shutdown finished
[ 2015-03-22 00:09:38.5573 22152/7f1ef097b7c0 age/Log/Main.cpp:425 ]: PassengerAgent logger shutdown finished
[ 2015-03-22 00:09:38.5573 22145/7fc8d46437c0 age/Hel/Main.cpp:724 ]: Disconnecting long-running connections for process 22198, application /apps/megauni/public (development)#default
[ 2015-03-22 00:09:38.6816 22145/7fc8d46437c0 age/Hel/Main.cpp:868 ]: PassengerAgent server shutdown finished
[ 2015-03-22 00:09:39.9730 22238/7f9e7001d7c0 age/Wat/Main.cpp:1257 ]: Starting PassengerAgent watchdog...
[ 2015-03-22 00:09:39.9886 22241/7fe7f96597c0 age/Hel/Main.cpp:883 ]: Starting PassengerAgent server...
[ 2015-03-22 00:09:39.9889 22241/7fe7f96597c0 age/Hel/Main.cpp:232 ]: PassengerAgent server running in multi-application mode.
[ 2015-03-22 00:09:39.9932 22241/7fe7f96597c0 age/Hel/Main.cpp:637 ]: PassengerAgent server online, PID 22241
[ 2015-03-22 00:09:40.0140 22250/7f5c38ad17c0 age/Log/Main.cpp:431 ]: Starting PassengerAgent logger...
[ 2015-03-22 00:09:40.0148 22250/7f5c38ad17c0 age/Log/Main.cpp:312 ]: PassengerAgent logger online, PID 22250
App 22276 stdout: 
App 22294 stdout: 

[ 2015-03-22 00:10:00.8579 22250/7f5c31b28700 age/Log/Main.cpp:338 ]: Signal received. Gracefully shutting down... (send signal 2 more time(s) to force shutdown)
[ 2015-03-22 00:10:00.8580 22250/7f5c38ad17c0 age/Log/Main.cpp:400 ]: Received command to shutdown gracefully. Waiting until all clients have disconnected...
[ 2015-03-22 00:10:00.8582 22250/7f5c31b28700 Ser/Server.h:453 ]: [LoggerAdminServer] Shutdown finished
[ 2015-03-22 00:10:00.8585 22250/7f5c38ad17c0 age/Log/Main.cpp:425 ]: PassengerAgent logger shutdown finished

[ 2015-03-22 00:10:00.8609 22241/7fe7f26eb700 age/Hel/Main.cpp:447 ]: Signal received. Gracefully shutting down... (send signal 2 more time(s) to force shutdown)
[ 2015-03-22 00:10:00.8610 22241/7fe7f96597c0 age/Hel/Main.cpp:806 ]: Received command to shutdown gracefully. Waiting until all clients have disconnected...
[ 2015-03-22 00:10:00.8611 22241/7fe7f96597c0 age/Hel/Main.cpp:724 ]: Disconnecting long-running connections for process 22294, application /apps/megauni/public (development)#default
[ 2015-03-22 00:10:00.8613 22241/7fe7f26eb700 Ser/Server.h:453 ]: [ServerThr.1] Shutdown finished
[ 2015-03-22 00:10:00.8615 22241/7fe7f1eea700 Ser/Server.h:453 ]: [ServerThr.2] Shutdown finished
[ 2015-03-22 00:10:00.8616 22241/7fe7f16e9700 Ser/Server.h:453 ]: [ServerThr.3] Shutdown finished
[ 2015-03-22 00:10:00.8616 22241/7fe7f0ee8700 Ser/Server.h:453 ]: [ServerThr.4] Shutdown finished
[ 2015-03-22 00:10:00.8619 22241/7fe7d3fff700 Ser/Server.h:453 ]: [AdminServer] Shutdown finished
[ 2015-03-22 00:10:00.8622 22241/7fe7f96597c0 age/Hel/Main.cpp:724 ]: Disconnecting long-running connections for process 22294, application /apps/megauni/public (development)#default
[ 2015-03-22 00:10:00.9938 22241/7fe7f96597c0 age/Hel/Main.cpp:868 ]: PassengerAgent server shutdown finished
[ 2015-03-22 00:10:02.1725 22329/7f5db3cba7c0 age/Wat/Main.cpp:1257 ]: Starting PassengerAgent watchdog...
[ 2015-03-22 00:10:02.1865 22332/7f65846697c0 age/Hel/Main.cpp:883 ]: Starting PassengerAgent server...
[ 2015-03-22 00:10:02.1866 22332/7f65846697c0 age/Hel/Main.cpp:232 ]: PassengerAgent server running in multi-application mode.
[ 2015-03-22 00:10:02.1901 22332/7f65846697c0 age/Hel/Main.cpp:637 ]: PassengerAgent server online, PID 22332
[ 2015-03-22 00:10:02.2061 22339/7f89d36c77c0 age/Log/Main.cpp:431 ]: Starting PassengerAgent logger...
[ 2015-03-22 00:10:02.2069 22339/7f89d36c77c0 age/Log/Main.cpp:312 ]: PassengerAgent logger online, PID 22339
App 22367 stdout: 
App 22385 stdout: 
App 22392 stdout: 


[ 2015-03-22 00:10:26.2792 22339/7f89c7fff700 age/Log/Main.cpp:338 ]: Signal received. Gracefully shutting down... (send signal 2 more time(s) to force shutdown)
[ 2015-03-22 00:10:26.2792 22332/7f657d6fb700 age/Hel/Main.cpp:447 ]: Signal received. Gracefully shutting down... (send signal 2 more time(s) to force shutdown)
[ 2015-03-22 00:10:26.2793 22339/7f89d36c77c0 age/Log/Main.cpp:400 ]: Received command to shutdown gracefully. Waiting until all clients have disconnected...
[ 2015-03-22 00:10:26.2793 22332/7f65846697c0 age/Hel/Main.cpp:806 ]: Received command to shutdown gracefully. Waiting until all clients have disconnected...
[ 2015-03-22 00:10:26.2795 22332/7f65846697c0 age/Hel/Main.cpp:724 ]: Disconnecting long-running connections for process 22385, application /apps/megauni/public (development)#default
[ 2015-03-22 00:10:26.2795 22339/7f89c7fff700 Ser/Server.h:453 ]: [LoggerAdminServer] Shutdown finished
[ 2015-03-22 00:10:26.2796 22332/7f65846697c0 age/Hel/Main.cpp:724 ]: Disconnecting long-running connections for process 22392, application /apps/megauni/public (development)#default
[ 2015-03-22 00:10:26.2799 22332/7f657cefa700 Ser/Server.h:453 ]: [ServerThr.2] Shutdown finished
[ 2015-03-22 00:10:26.2801 22332/7f6567fff700 Ser/Server.h:453 ]: [ServerThr.3] Shutdown finished
[ 2015-03-22 00:10:26.2802 22332/7f657d6fb700 Ser/Server.h:453 ]: [ServerThr.1] Shutdown finished
[ 2015-03-22 00:10:26.2804 22332/7f6566ffd700 Ser/Server.h:453 ]: [AdminServer] Shutdown finished
[ 2015-03-22 00:10:26.2804 22332/7f65677fe700 Ser/Server.h:453 ]: [ServerThr.4] Shutdown finished
[ 2015-03-22 00:10:26.2806 22339/7f89d36c77c0 age/Log/Main.cpp:425 ]: PassengerAgent logger shutdown finished
[ 2015-03-22 00:10:26.2807 22332/7f65846697c0 age/Hel/Main.cpp:724 ]: Disconnecting long-running connections for process 22385, application /apps/megauni/public (development)#default
[ 2015-03-22 00:10:26.2808 22332/7f65846697c0 age/Hel/Main.cpp:724 ]: Disconnecting long-running connections for process 22392, application /apps/megauni/public (development)#default
[ 2015-03-22 00:10:26.4051 22332/7f65846697c0 age/Hel/Main.cpp:868 ]: PassengerAgent server shutdown finished
[ 2015-03-22 00:10:27.4088 22429/7f105cf2c7c0 age/Wat/Main.cpp:1257 ]: Starting PassengerAgent watchdog...
[ 2015-03-22 00:10:27.4329 22432/7fbb6e1f87c0 age/Hel/Main.cpp:883 ]: Starting PassengerAgent server...
[ 2015-03-22 00:10:27.4332 22432/7fbb6e1f87c0 age/Hel/Main.cpp:232 ]: PassengerAgent server running in multi-application mode.
[ 2015-03-22 00:10:27.4372 22432/7fbb6e1f87c0 age/Hel/Main.cpp:637 ]: PassengerAgent server online, PID 22432
[ 2015-03-22 00:10:27.4525 22443/7f9915ac07c0 age/Log/Main.cpp:431 ]: Starting PassengerAgent logger...
[ 2015-03-22 00:10:27.4532 22443/7f9915ac07c0 age/Log/Main.cpp:312 ]: PassengerAgent logger online, PID 22443
App 22467 stdout: 
App 22485 stdout: 
App 22493 stdout: 


[ 2015-03-22 00:10:42.4833 22443/7f990eb17700 age/Log/Main.cpp:338 ]: Signal received. Gracefully shutting down... (send signal 2 more time(s) to force shutdown)
[ 2015-03-22 00:10:42.4833 22432/7fbb6728a700 age/Hel/Main.cpp:447 ]: Signal received. Gracefully shutting down... (send signal 2 more time(s) to force shutdown)
[ 2015-03-22 00:10:42.4835 22443/7f9915ac07c0 age/Log/Main.cpp:400 ]: Received command to shutdown gracefully. Waiting until all clients have disconnected...
[ 2015-03-22 00:10:42.4835 22432/7fbb6e1f87c0 age/Hel/Main.cpp:806 ]: Received command to shutdown gracefully. Waiting until all clients have disconnected...
[ 2015-03-22 00:10:42.4836 22432/7fbb6e1f87c0 age/Hel/Main.cpp:724 ]: Disconnecting long-running connections for process 22485, application /apps/megauni/public (development)#default
[ 2015-03-22 00:10:42.4836 22443/7f990eb17700 Ser/Server.h:453 ]: [LoggerAdminServer] Shutdown finished
[ 2015-03-22 00:10:42.4838 22432/7fbb6e1f87c0 age/Hel/Main.cpp:724 ]: Disconnecting long-running connections for process 22493, application /apps/megauni/public (development)#default
[ 2015-03-22 00:10:42.4840 22443/7f9915ac07c0 age/Log/Main.cpp:425 ]: PassengerAgent logger shutdown finished
[ 2015-03-22 00:10:42.4841 22432/7fbb66a89700 Ser/Server.h:453 ]: [ServerThr.2] Shutdown finished
[ 2015-03-22 00:10:42.4842 22432/7fbb66288700 Ser/Server.h:453 ]: [ServerThr.3] Shutdown finished
[ 2015-03-22 00:10:42.4845 22432/7fbb6728a700 Ser/Server.h:453 ]: [ServerThr.1] Shutdown finished
[ 2015-03-22 00:10:42.4848 22432/7fbb65286700 Ser/Server.h:453 ]: [AdminServer] Shutdown finished
[ 2015-03-22 00:10:42.4865 22432/7fbb65a87700 Ser/Server.h:453 ]: [ServerThr.4] Shutdown finished
[ 2015-03-22 00:10:42.4872 22432/7fbb6e1f87c0 age/Hel/Main.cpp:724 ]: Disconnecting long-running connections for process 22485, application /apps/megauni/public (development)#default
[ 2015-03-22 00:10:42.4874 22432/7fbb6e1f87c0 age/Hel/Main.cpp:724 ]: Disconnecting long-running connections for process 22493, application /apps/megauni/public (development)#default
App 22467 stderr: [ 2015-03-22 00:10:42.4887 22493/0x00000001da8f08(Worker 1) utils.rb:85 ]: *** Exception IOError (stream closed) (process 22493, thread 0x00000001da8f08(Worker 1)):
App 22467 stderr: 	from /progs/ruby/2.2.0/lib/ruby/gems/2.2.0/gems/passenger-5.0.4/lib/phusion_passenger/request_handler/thread_handler.rb:133:in `accept'
App 22467 stderr: 	from /progs/ruby/2.2.0/lib/ruby/gems/2.2.0/gems/passenger-5.0.4/lib/phusion_passenger/request_handler/thread_handler.rb:133:in `accept_and_process_next_request'
App 22467 stderr: 	from /progs/ruby/2.2.0/lib/ruby/gems/2.2.0/gems/passenger-5.0.4/lib/phusion_passenger/request_handler/thread_handler.rb:110:in `main_loop'
App 22467 stderr: 	from /progs/ruby/2.2.0/lib/ruby/gems/2.2.0/gems/passenger-5.0.4/lib/phusion_passenger/request_handler.rb:414:in `block (3 levels) in start_threads'
App 22467 stderr: 	from /progs/ruby/2.2.0/lib/ruby/gems/2.2.0/gems/passenger-5.0.4/lib/phusion_passenger/utils.rb:111:in `block in create_thread_and_abort_on_exception'
App 22467 stderr: [ 2015-03-22 00:10:42.4906 22493/0x00000001da8c60(HTTP helper worker) utils.rb:85 ]: *** Exception IOError (stream closed) (process 22493, thread 0x00000001da8c60(HTTP helper worker)):
App 22467 stderr: 	from /progs/ruby/2.2.0/lib/ruby/gems/2.2.0/gems/passenger-5.0.4/lib/phusion_passenger/request_handler/thread_handler.rb:133:in `accept'
App 22467 stderr: 	from /progs/ruby/2.2.0/lib/ruby/gems/2.2.0/gems/passenger-5.0.4/lib/phusion_passenger/request_handler/thread_handler.rb:133:in `accept_and_process_next_request'
App 22467 stderr: 	from /progs/ruby/2.2.0/lib/ruby/gems/2.2.0/gems/passenger-5.0.4/lib/phusion_passenger/request_handler/thread_handler.rb:110:in `main_loop'
App 22467 stderr: 	from /progs/ruby/2.2.0/lib/ruby/gems/2.2.0/gems/passenger-5.0.4/lib/phusion_passenger/request_handler.rb:429:in `block (2 levels) in start_threads'
App 22467 stderr: 	from /progs/ruby/2.2.0/lib/ruby/gems/2.2.0/gems/passenger-5.0.4/lib/phusion_passenger/utils.rb:111:in `block in create_thread_and_abort_on_exception'
[ 2015-03-22 00:10:42.6188 22432/7fbb6e1f87c0 age/Hel/Main.cpp:868 ]: PassengerAgent server shutdown finished
[ 2015-03-22 00:10:43.7698 22527/7f797c28d7c0 age/Wat/Main.cpp:1257 ]: Starting PassengerAgent watchdog...
[ 2015-03-22 00:10:43.7839 22530/7f765d8da7c0 age/Hel/Main.cpp:883 ]: Starting PassengerAgent server...
[ 2015-03-22 00:10:43.7840 22530/7f765d8da7c0 age/Hel/Main.cpp:232 ]: PassengerAgent server running in multi-application mode.
[ 2015-03-22 00:10:43.7878 22530/7f765d8da7c0 age/Hel/Main.cpp:637 ]: PassengerAgent server online, PID 22530
[ 2015-03-22 00:10:43.8082 22540/7fdfab51b7c0 age/Log/Main.cpp:431 ]: Starting PassengerAgent logger...
[ 2015-03-22 00:10:43.8088 22540/7fdfab51b7c0 age/Log/Main.cpp:312 ]: PassengerAgent logger online, PID 22540
App 22565 stdout: 
App 22583 stdout: 
App 22565 stderr: 127.0.0.1 - - [22/Mar/2015:00:10:48 -0500] "HEAD / " 444 33 0.0074
App 22565 stderr: 127.0.0.1 - - [22/Mar/2015:00:10:48 -0500] "GET / " 200 213 0.0024
App 22565 stderr: 127.0.0.1 - - [22/Mar/2015:00:10:48 -0500] "GET / " 200 213 0.0108
App 22565 stderr: 127.0.0.1 - - [22/Mar/2015:00:10:50 -0500] "GET / " 200 213 0.0018
App 22565 stderr: 127.0.0.1 - - [22/Mar/2015:00:10:50 -0500] "GET / " 200 213 0.0099

[ 2015-03-22 00:14:07.6116 22530/7f765696c700 age/Hel/Main.cpp:447 ]: Signal received. Gracefully shutting down... (send signal 2 more time(s) to force shutdown)
[ 2015-03-22 00:14:07.6117 22530/7f765d8da7c0 age/Hel/Main.cpp:806 ]: Received command to shutdown gracefully. Waiting until all clients have disconnected...
[ 2015-03-22 00:14:07.6117 22530/7f765d8da7c0 age/Hel/Main.cpp:724 ]: Disconnecting long-running connections for process 22583, application /apps/megauni/public (development)#default
[ 2015-03-22 00:14:07.6118 22530/7f7655169700 Ser/Server.h:453 ]: [ServerThr.4] Shutdown finished
[ 2015-03-22 00:14:07.6119 22530/7f765696c700 Ser/Server.h:453 ]: [ServerThr.1] Shutdown finished
[ 2015-03-22 00:14:07.6124 22530/7f7654968700 Ser/Server.h:453 ]: [AdminServer] Shutdown finished
[ 2015-03-22 00:14:07.6137 22530/7f765596a700 Ser/Server.h:453 ]: [ServerThr.3] Shutdown finished
[ 2015-03-22 00:14:07.6144 22530/7f765616b700 Ser/Server.h:453 ]: [ServerThr.2] Shutdown finished
[ 2015-03-22 00:14:07.6146 22530/7f765d8da7c0 age/Hel/Main.cpp:724 ]: Disconnecting long-running connections for process 22583, application /apps/megauni/public (development)#default

[ 2015-03-22 00:14:07.6187 22540/7fdf9ffff700 age/Log/Main.cpp:338 ]: Signal received. Gracefully shutting down... (send signal 2 more time(s) to force shutdown)
[ 2015-03-22 00:14:07.6188 22540/7fdfab51b7c0 age/Log/Main.cpp:400 ]: Received command to shutdown gracefully. Waiting until all clients have disconnected...
[ 2015-03-22 00:14:07.6188 22540/7fdf9ffff700 Ser/Server.h:453 ]: [LoggerAdminServer] Shutdown finished
[ 2015-03-22 00:14:07.6194 22540/7fdfab51b7c0 age/Log/Main.cpp:425 ]: PassengerAgent logger shutdown finished
[ 2015-03-22 00:14:07.7285 22530/7f765d8da7c0 age/Hel/Main.cpp:868 ]: PassengerAgent server shutdown finished
